# Этот файл описывает даты заливки базы. Формат записей:
#  День_недели  Дата  Время  GMT  всего_вопросов  разных_вопросов

# Пнд Ноя  1 20:49:17 EST 2004
# Втр Ноя  2 20:23:30 EST 2004
# Срд Ноя  3 22:34:24 EST 2004
# Птн Ноя  5 21:23:33 EST 2004
Tue 2004-11-09 01:28:17 GMT  119817 115056
Fri 2004-11-12 03:10:34 GMT  119818 115055
Mon 2004-11-15 03:23:58 GMT  119818 115055
Wed 2004-12-01 03:02:16 GMT  120782 115904
Tue 2004-12-14 03:02:58 GMT  121689 116810
Wed 2004-12-15 02:56:23 GMT  121689 116810
Sun 2004-12-19 05:48:54 GMT  121689 116810
Tue 2004-12-28 01:35:46 GMT  121900 117020
Sat 2005-01-01 04:10:42 GMT  121900 117020
Wed 2005-01-05 03:23:58 GMT  121900 117021
Tue 2005-01-18 03:24:55 GMT  122936 118038
Thu 2005-01-27 05:29:20 GMT  123718 118807
Mon 2005-01-31 00:23:16 GMT  124003 119082
Tue 2005-02-01 03:47:13 GMT  124003 119082
Tue 2005-02-08 04:20:10 GMT  124003 119082
Wed 2005-02-09 01:20:29 GMT  124003 119082
Thu 2005-02-10 05:27:31 GMT  124003 119082
Wed 2005-02-23 02:11:46 GMT  124977 120034
Sat 2005-02-26 03:42:21 GMT  125382 120400
Mon 2005-02-28 00:00:23 GMT  125438 120456
Tue 2005-03-01 02:23:56 GMT  125438 120456
Tue 2005-03-15 01:16:40 GMT  125751 120767
Tue 2005-03-29 03:32:34 GMT  126049 121065
Tue 2005-03-29 04:15:41 GMT  126049 121065
Sun 2005-04-03 05:52:17 GMT  126151 121167
Tue 2005-04-05 00:33:46 GMT  126371 121387
Thu 2005-04-21 04:51:33 GMT  127232 122246
Sat 2005-04-23 02:51:45 GMT  127424 122438
Thu 2005-04-28 04:56:32 GMT  128043 123057
Tue 2005-05-17 03:29:48 GMT  129035 123982
Wed 2005-05-18 01:58:35 GMT  129035 123982
Thu 2005-05-19 01:29:55 GMT  129035 123982
Sun 2005-05-22 05:14:45 GMT  129083 124030
Tue 2005-05-24 02:46:07 GMT  129131 124078
Sun 2005-05-29 03:32:46 GMT  129167 124114
Sat 2005-06-04 02:23:59 GMT  129167 124114
Mon 2005-06-06 04:57:02 GMT  129638 124585
Wed 2005-06-15 14:53:18 GMT  129638 124585
Fri 2005-06-17 09:56:57 GMT  129638 124585
Sun 2005-06-26 14:00:56 GMT  131058 125951
Wed 2005-07-06 03:32:04 GMT  131689 126563
Thu 2005-07-21 01:22:42 GMT  133694 128550
Thu 2005-07-21 23:49:23 GMT  133694 128549
Sat 2005-07-23 01:25:57 GMT  133694 128549
Tue 2005-07-26 00:44:50 GMT  134037 128887
Thu 2005-07-28 01:55:39 GMT  134296 129147
Mon 2005-08-01 02:17:25 GMT  134463 129303
Tue 2005-08-02 00:04:21 GMT  134463 129303
Sat 2005-08-13 23:11:15 GMT  134493 129333
Tue 2005-08-16 02:03:58 GMT  134511 129351
Sat 2005-08-20 00:47:14 GMT  134485 129339
Tue 2005-08-23 01:23:28 GMT  135013 129838
Tue 2005-08-30 03:32:01 GMT  135330 130144
Sat 2005-09-03 01:01:57 GMT  135330 130144
Tue 2005-09-13 02:34:55 GMT  136134 130897
Thu 2005-09-29 00:18:11 GMT  136325 131088
Tue 2005-10-04 22:49:28 GMT  136752 131487
Sat 2005-10-08 02:29:21 GMT  136752 131485
Tue 2005-10-11 00:19:36 GMT  136928 131713
Sun 2005-10-16 04:45:52 GMT  136928 131713
Wed 2005-10-19 01:47:54 GMT  137063 131848
Tue 2005-10-25 23:24:56 GMT  137273 132058
Sun 2005-11-06 03:26:13 GMT  137456 132240
Mon 2005-11-07 23:39:23 GMT  137889 132646
Mon 2005-11-14 03:58:28 GMT  137889 132646
Sun 2005-11-20 07:00:49 GMT  137889 132646
Tue 2005-11-29 04:15:32 GMT  138875 133623
Sun 2005-12-04 16:41:23 GMT  139165 133913
Mon 2005-12-05 23:16:18 GMT  139165 133913
Sat 2005-12-10 01:21:59 GMT  139165 133910
Thu 2005-12-15 02:53:39 GMT  139550 134291
Sat 2005-12-24 23:44:07 GMT  140223 134943
Wed 2005-12-28 01:09:33 GMT  140300 135020
Fri 2006-01-06 04:25:37 GMT  140570 135280
Sat 2006-01-07 02:44:44 GMT  140570 135281
Fri 2006-01-13 04:32:02 GMT  140960 135652
Fri 2006-01-13 15:45:56 GMT  140960 135652
Tue 2006-01-17 23:19:56 GMT  140960 135652
Tue 2006-01-24 05:43:50 GMT  141326 136012
Tue 2006-02-07 00:12:18 GMT  141599 136284
Tue 2006-02-14 03:16:59 GMT  141803 136488
Thu 2006-02-23 01:09:17 GMT  141833 136518
Mon 2006-03-06 01:15:08 GMT  141964 136648
Mon 2006-03-06 23:19:47 GMT  141964 136648
Fri 2006-03-24 23:46:36 GMT  142150 136821
Tue 2006-04-11 03:10:59 GMT  142803 137459
Mon 2006-04-17 21:50:54 GMT  143525 138173
Mon 2006-04-24 22:16:28 GMT  143802 138448
Wed 2006-04-26 03:32:02 GMT  143802 138448
Mon 2006-05-01 00:07:29 GMT  143827 138473
Wed 2006-05-03 00:46:01 GMT  143960 138606
Wed 2006-05-31 23:54:45 GMT  144650 139287
Mon 2006-06-05 03:22:47 GMT  144824 139461
Wed 2006-06-14 23:53:13 GMT  145071 139706
Fri 2006-06-23 03:32:03 GMT  145071 139706
Tue 2006-06-27 15:23:46 GMT  145363 139998
Mon 2006-07-10 01:15:25 GMT  145549 140175
Wed 2006-07-12 04:27:14 GMT  145717 140343
Sun 2006-07-23 23:15:16 GMT  145753 140379
Sat 2006-07-29 19:06:31 GMT  146061 140680
Mon 2006-08-21 01:06:06 GMT  146926 141543
Fri 2006-08-25 05:35:28 GMT  147503 142095
Fri 2006-09-01 00:20:28 GMT  148040 142613
Sat 2006-09-02 06:41:03 GMT  148094 142667
Mon 2006-09-04 05:50:32 GMT  148094 142667
Mon 2006-09-04 22:04:47 GMT  148094 142667
Sun 2006-09-10 05:46:14 GMT  148188 142761
Wed 2006-09-13 04:39:04 GMT  148199 142773
Sat 2006-09-16 00:33:14 GMT  148199 142773
Sun 2006-09-24 19:18:42 GMT  148840 143408
Sun 2006-09-24 19:19:17 GMT  148840 143408
Tue 2006-09-26 23:48:07 GMT  148840 143408
Tue 2006-09-26 23:49:56 GMT  148840 143408
Tue 2006-09-26 23:52:13 GMT  148840 143408
Tue 2006-09-26 23:53:45 GMT  148840 143408
Tue 2006-10-17 02:25:06 GMT  149053 143621
Sun 2006-10-29 03:01:25 GMT  149238 143800
Mon 2006-10-30 04:09:27 GMT  149653 144214
Sun 2006-11-19 04:41:15 GMT  150049 144587
Mon 2006-11-20 23:39:42 GMT  150049 144587
Sun 2006-11-26 00:55:06 GMT  150049 144587
Sat 2006-12-02 06:38:38 GMT  150361 144898
Sun 2006-12-10 04:41:23 GMT  151253 145778
Wed 2006-12-20 03:03:04 GMT  151308 145847
Sun 2006-12-31 03:31:42 GMT  151503 146042
Mon 2007-01-01 22:53:33 GMT  151797 146326
Thu 2007-01-04 01:58:40 GMT  151796 146325
Tue 2007-02-06 03:08:50 GMT  152185 146715
Wed 2007-02-07 00:03:00 GMT  152185 146713
Sat 2007-02-10 03:04:23 GMT  152316 146842
Wed 2007-02-21 23:07:20 GMT  152761 147287
Sat 2007-02-24 01:52:27 GMT  152841 147367
Sat 2007-03-03 04:56:34 GMT  152984 147483
Thu 2007-03-08 01:24:20 GMT  152984 147483
Fri 2007-03-09 01:00:14 GMT  152984 147474
Sat 2007-03-10 20:23:41 GMT  153586 148004
Sun 2007-03-25 03:30:02 GMT  153766 148183
Thu 2007-04-05 23:32:48 GMT  154350 148749
Sat 2007-04-14 21:31:43 GMT  154615 148997
Mon 2007-04-16 00:28:00 GMT  155427 149757
Sun 2007-04-29 23:37:48 GMT  155427 149757
Thu 2007-05-03 00:37:08 GMT  155975 150305
Fri 2007-05-04 00:58:27 GMT  155975 150305
Mon 2007-05-07 23:38:34 GMT  155975 150305
Thu 2007-05-10 23:36:19 GMT  156478 150740
Sat 2007-05-19 03:52:30 GMT  156478 150740
Sat 2007-05-19 04:18:41 GMT  156478 150740
Thu 2007-05-24 02:02:10 GMT  156710 150972
Tue 2007-05-29 04:40:29 GMT  156710 150972
Sat 2007-06-09 07:12:31 GMT  156776 151038
Mon 2007-06-11 06:09:07 GMT  156889 151151
Tue 2007-06-19 11:35:46 GMT  156889 151151
Mon 2007-06-25 23:11:53 GMT  157597 151858
Tue 2007-06-26 21:48:24 GMT  157597 151852
Wed 2007-06-27 21:33:54 GMT  157597 151852
Fri 2007-06-29 02:10:15 GMT  157730 151985
Sat 2007-06-30 18:40:22 GMT  158184 152406
Tue 2007-07-03 22:32:54 GMT  158401 152623
Fri 2007-07-27 15:13:08 GMT  158448 152670
Sat 2007-07-28 19:14:55 GMT  158448 152670
Mon 2007-07-30 17:21:17 GMT  158650 152867
Sat 2007-08-04 12:25:21 GMT  158979 153162
Wed 2007-08-08 15:11:18 GMT  158979 153162
Sat 2007-08-11 14:17:42 GMT  158979 153162
Fri 2007-09-07 00:38:47 GMT  159119 153299
Fri 2007-09-14 22:38:12 GMT  159710 153885
Wed 2007-09-19 01:50:13 GMT  159710 153885
Wed 2007-09-19 21:43:18 GMT  159710 153885
Fri 2007-09-21 00:27:58 GMT  159710 153887
Fri 2007-09-21 20:52:19 GMT  159710 153887
Mon 2007-09-24 03:35:55 GMT  159710 153887
Tue 2007-09-25 02:46:03 GMT  159914 154091
Tue 2007-10-02 03:43:35 GMT  159914 154091
Fri 2007-10-05 00:07:40 GMT  160232 154398
Fri 2007-10-05 15:04:24 GMT  160278 154444
Wed 2007-10-10 19:53:31 GMT  160338 154504
Fri 2007-10-12 20:56:18 GMT  160354 154521
Mon 2007-10-15 17:43:23 GMT  160404 154571
Wed 2007-10-17 03:01:12 GMT  160404 154571
Sat 2007-10-20 23:13:16 GMT  160404 154571
Mon 2007-10-22 21:27:16 GMT  160404 154571
Sun 2007-10-28 22:20:46 GMT  160653 154820
Tue 2007-10-30 02:19:13 GMT  160653 154820
Sun 2007-11-04 03:26:10 GMT  160686 154853
Tue 2007-11-06 15:29:45 GMT  160686 154853
Sat 2007-11-10 19:25:52 GMT  160686 154853
Fri 2007-11-16 17:52:59 GMT  160686 154853
Mon 2007-11-19 03:24:20 GMT  160686 154852
Tue 2007-11-20 15:26:08 GMT  160686 154852
Thu 2007-11-22 02:10:56 GMT  160686 154851
Sun 2007-11-25 18:30:41 GMT  160772 154934
Mon 2007-11-26 22:07:19 GMT  161042 155203
Wed 2007-12-05 23:51:18 GMT  161309 155470
Fri 2007-12-07 23:21:45 GMT  161354 155515
Mon 2007-12-10 06:01:37 GMT  161450 155611
Mon 2007-12-10 15:42:18 GMT  161534 155693
Tue 2007-12-11 19:41:57 GMT  161594 155750
Wed 2007-12-12 17:57:34 GMT  161594 155750
Thu 2007-12-13 18:44:08 GMT  161642 155798
Fri 2007-12-14 15:06:05 GMT  161707 155863
Wed 2007-12-19 16:10:22 GMT  161881 156037
Thu 2007-12-20 17:31:06 GMT  161881 156037
Mon 2007-12-24 03:27:18 GMT  162165 156314
Mon 2007-12-24 17:08:34 GMT  162350 156497
Wed 2007-12-26 15:49:45 GMT  162410 156557
Fri 2008-01-04 16:29:56 GMT  162410 156557
Wed 2008-01-09 16:01:24 GMT  162617 156757
Sat 2008-01-12 01:35:59 GMT  162748 156888
Sat 2008-01-12 23:15:23 GMT  162748 156888
Sun 2008-01-13 22:58:27 GMT  162748 156888
Mon 2008-01-14 15:33:25 GMT  162844 156948
Sun 2008-01-27 20:19:03 GMT  163069 157165
Mon 2008-01-28 17:04:54 GMT  163105 157201
Fri 2008-02-08 16:43:29 GMT  163105 157201
Sat 2008-02-09 20:03:14 GMT  163105 157201
Sun 2008-02-10 23:53:57 GMT  163105 157201
Sat 2008-02-16 03:51:07 GMT  163105 157201
Sun 2008-02-17 04:50:33 GMT  163105 157201
Thu 2008-02-21 02:35:03 GMT  163896 157992
Sun 2008-02-24 17:13:43 GMT  163896 157992
Wed 2008-02-27 00:36:18 GMT  164372 158443
Sat 2008-03-01 16:50:41 GMT  164372 158443
Sat 2008-03-01 21:02:13 GMT  164372 158443
Sun 2008-03-02 04:30:52 GMT  164372 158443
Sun 2008-03-02 04:32:01 GMT  164372 158443
Wed 2008-03-05 16:55:08 GMT  164739 158781
Fri 2008-03-07 18:28:01 GMT  164739 158781
Tue 2008-03-18 16:01:19 GMT  164964 158994
Sun 2008-03-23 18:36:06 GMT  165391 159386
Tue 2008-06-03 17:15:35 GMT  165519 159514
Wed 2008-06-04 15:57:37 GMT  165609 159604
Fri 2008-06-06 18:12:06 GMT  165793 159787
Sat 2008-06-07 17:01:31 GMT  165835 159829
Wed 2008-06-11 19:54:38 GMT  165871 159865
Sat 2008-06-14 18:58:03 GMT  166255 160249
Wed 2008-06-18 20:58:32 GMT  166379 160370
Fri 2008-06-20 21:11:08 GMT  166379 160370
Mon 2008-06-23 18:55:10 GMT  166579 160570
Thu 2008-06-26 17:31:09 GMT  166607 160598
Sat 2008-06-28 17:27:14 GMT  166716 160685
Sun 2008-06-29 22:32:33 GMT  166781 160748
Wed 2008-07-02 02:05:07 GMT  166900 160867
Thu 2008-07-10 14:54:12 GMT  166900 160867
Fri 2008-07-11 14:52:48 GMT  166900 160867
Sat 2008-07-12 20:06:09 GMT  167101 161061
Fri 2008-07-18 12:42:45 GMT  167507 161451
Tue 2008-07-22 17:49:22 GMT  167561 161504
Fri 2008-07-25 21:09:58 GMT  167561 161503
Tue 2008-07-29 15:45:12 GMT  168348 162289
Sat 2008-08-02 15:13:32 GMT  168348 162289
Mon 2008-08-04 00:05:53 GMT  168372 162313
Mon 2008-08-04 14:22:34 GMT  168372 162311
Wed 2008-08-06 15:02:02 GMT  168372 162311
Fri 2008-08-08 14:26:05 GMT  168372 162311
Wed 2008-08-20 16:31:43 GMT  168372 162311
Mon 2008-08-25 15:43:53 GMT  168948 162855
Wed 2008-08-27 15:28:05 GMT  169083 162984
Sat 2008-08-30 17:12:47 GMT  169507 163405
Sun 2008-08-31 19:52:23 GMT  169507 163405
Thu 2008-09-04 19:53:00 GMT  169822 163710
Fri 2008-09-05 23:42:49 GMT  169997 163885
Sun 2008-09-07 19:59:18 GMT  169997 163885
Thu 2008-09-11 16:01:47 GMT  170157 164044
Sun 2008-09-21 15:33:56 GMT  170157 164044
Tue 2008-09-23 15:06:22 GMT  170592 164479
Fri 2008-09-26 16:29:26 GMT  170592 164479
Sun 2008-09-28 22:11:26 GMT  170811 164696
Mon 2008-09-29 16:22:07 GMT  170811 164696
Tue 2008-09-30 18:07:45 GMT  170850 164735
Fri 2008-10-03 17:16:05 GMT  170980 164853
Mon 2008-10-06 03:17:17 GMT  171027 164900
Tue 2008-10-07 16:12:10 GMT  171135 165008
Wed 2008-10-08 15:46:37 GMT  171135 165008
Thu 2008-10-09 16:29:30 GMT  171135 165008
Tue 2008-10-21 17:13:52 GMT  171135 165008
Wed 2008-10-22 16:40:09 GMT  171391 165262
Mon 2008-10-27 18:40:39 GMT  171391 165262
Sun 2008-11-02 17:56:58 GMT  171610 165481
Wed 2008-11-05 17:58:00 GMT  171620 165491
Sat 2008-11-08 23:57:59 GMT  171797 165668
Sun 2008-11-09 19:33:09 GMT  171797 165668
Wed 2008-11-12 16:08:29 GMT  171837 165707
Thu 2008-11-13 17:18:56 GMT  171837 165707
Sun 2008-11-16 21:49:24 GMT  171897 165773
Thu 2008-11-20 22:26:05 GMT  171897 165773
Sun 2008-11-23 23:42:54 GMT  171957 165832
Mon 2008-11-24 17:40:28 GMT  171957 165832
Wed 2008-11-26 18:05:28 GMT  171957 165832
Thu 2008-11-27 16:55:30 GMT  172029 165904
Fri 2008-11-28 23:35:28 GMT  172029 165904
Mon 2008-12-01 03:09:21 GMT  172333 166199
Mon 2008-12-01 16:28:34 GMT  172475 166341
Tue 2008-12-02 18:49:32 GMT  172565 166431
Fri 2008-12-05 16:45:33 GMT  172791 166634
Sun 2008-12-07 19:53:35 GMT  172881 166724
Mon 2008-12-08 17:29:06 GMT  172956 166799
Wed 2008-12-10 16:22:37 GMT  173010 166853
Fri 2008-12-12 16:28:50 GMT  173010 166853
Wed 2008-12-31 05:37:54 GMT  173010 166853
Fri 2009-01-02 16:09:34 GMT  173046 166889
Sat 2009-01-03 17:15:36 GMT  173166 167009
Sun 2009-01-04 18:29:47 GMT  173166 167009
Tue 2009-01-06 16:14:45 GMT  173226 167060
Wed 2009-01-07 17:53:53 GMT  173226 167060
Thu 2009-01-08 15:30:03 GMT  173226 167060
Wed 2009-01-21 20:26:50 GMT  173226 167060
Sun 2009-02-01 18:16:48 GMT  173286 167120
Wed 2009-02-04 17:07:12 GMT  173316 167150
Thu 2009-02-05 20:44:46 GMT  173341 167175
Tue 2009-02-10 16:32:10 GMT  173432 167263
Tue 2009-02-24 16:35:03 GMT  173432 167263
Thu 2009-02-26 16:27:27 GMT  173734 167526
Sat 2009-02-28 19:22:54 GMT  173796 167588
Mon 2009-03-02 18:03:03 GMT  173796 167587
Sun 2009-03-08 15:44:47 GMT  173796 167587
Mon 2009-03-09 18:42:44 GMT  173796 167587
Tue 2009-03-10 16:32:35 GMT  173796 167588
Wed 2009-03-18 17:41:32 GMT  174336 168121
Wed 2009-03-25 15:32:15 GMT  174559 168335
Thu 2009-03-26 15:18:20 GMT  174559 168335
Fri 2009-03-27 15:56:31 GMT  174592 168332
Sat 2009-03-28 18:21:08 GMT  174631 168371
Fri 2009-04-10 15:16:09 GMT  174502 168247
Sat 2009-04-11 16:36:45 GMT  174533 168278
Sun 2009-04-12 18:58:29 GMT  174533 168278
Mon 2009-04-13 14:31:01 GMT  174623 168366
Wed 2009-04-15 16:22:02 GMT  174668 168411
Thu 2009-04-16 18:09:04 GMT  174668 168412
Sat 2009-04-18 14:20:25 GMT  174695 168439
Mon 2009-04-20 20:54:25 GMT  174835 168577
Wed 2009-05-13 16:20:31 GMT  174835 168577
Wed 2009-05-20 02:04:47 GMT  175378 168988
Thu 2009-05-21 15:35:13 GMT  175414 169024
Fri 2009-05-22 21:40:44 GMT  175414 169024
Sat 2009-05-23 21:12:50 GMT  175548 169158
Mon 2009-05-25 22:36:29 GMT  175548 169158
Thu 2009-06-04 15:25:51 GMT  175587 169197
Tue 2009-06-09 15:04:57 GMT  175587 169197
Sat 2009-06-13 16:52:20 GMT  175804 169414
Sun 2009-06-28 20:19:00 GMT  176092 169697
Mon 2009-06-29 16:21:41 GMT  176308 169913
Tue 2009-06-30 17:43:35 GMT  176502 170107
Fri 2009-07-03 17:34:32 GMT  176608 170213
Tue 2009-07-07 14:56:39 GMT  176608 170212
Wed 2009-07-08 15:08:25 GMT  176662 170266
Thu 2009-07-09 15:32:09 GMT  176734 170338
Fri 2009-07-10 15:03:08 GMT  176829 170433
Sat 2009-07-11 16:06:40 GMT  177030 170634
Wed 2009-07-15 15:19:43 GMT  177120 170724
Thu 2009-07-16 14:50:47 GMT  177246 170850
Fri 2009-07-17 20:58:57 GMT  177246 170849
Mon 2009-07-20 15:56:10 GMT  177306 170909
Sat 2009-07-25 19:40:34 GMT  177691 171294
Thu 2009-07-30 03:22:58 GMT  177691 171294
Sun 2009-08-02 13:59:34 GMT  177909 171512
Mon 2009-08-03 14:54:17 GMT  178216 171803
Mon 2009-09-21 16:12:18 GMT  178216 171803
Thu 2009-09-24 17:13:03 GMT  178284 171871
Sat 2009-09-26 19:42:33 GMT  178284 171871
Sun 2009-09-27 21:30:43 GMT  178376 171963
Mon 2009-10-05 17:16:06 GMT  178381 171968
Tue 2009-10-13 00:19:30 GMT  179172 172710
Tue 2009-10-13 23:00:43 GMT  179172 172709
Thu 2009-10-15 01:35:07 GMT  179217 172754
Fri 2009-10-16 22:53:44 GMT  179377 172914
Mon 2009-10-26 03:31:28 GMT  179819 173356
Mon 2009-10-26 18:30:31 GMT  179819 173356
Wed 2009-10-28 21:16:18 GMT  179819 173356
Thu 2009-10-29 20:09:44 GMT  179920 173456
Sat 2009-10-31 18:27:00 GMT  180088 173623
Mon 2009-11-02 17:18:35 GMT  180203 173702
Thu 2009-11-05 21:52:39 GMT  180275 173738
Sun 2009-11-15 17:23:29 GMT  180359 173822
Wed 2009-11-18 17:47:50 GMT  180359 173822
Sat 2009-11-21 17:57:27 GMT  180359 173822
Tue 2009-11-24 22:46:11 GMT  180396 173859
Mon 2009-12-14 17:12:34 GMT  180422 173884
Sat 2009-12-19 20:02:22 GMT  180422 173884
Tue 2009-12-22 19:45:55 GMT  180422 173884
Thu 2009-12-31 16:59:29 GMT  180654 174006
Sat 2010-01-02 18:57:36 GMT  180678 174030
Mon 2010-01-04 15:31:28 GMT  180933 174253
Wed 2010-01-06 17:40:51 GMT  181320 174639
Sun 2010-01-10 18:55:13 GMT  181872 175174
Mon 2010-01-11 16:34:07 GMT  181872 175174
Fri 2010-01-15 17:01:31 GMT  182298 175600
Sat 2010-01-16 16:41:23 GMT  182904 176162
Thu 2010-01-21 16:18:18 GMT  183045 176303
Fri 2010-01-22 15:21:37 GMT  183204 176462
Fri 2010-01-29 17:08:39 GMT  183625 176795
Sat 2010-01-30 19:03:47 GMT  183661 176831
Sun 2010-01-31 19:09:10 GMT  183661 176831
Tue 2010-02-02 20:23:09 GMT  183754 176924
Wed 2010-02-03 17:18:31 GMT  183754 176924
Tue 2010-02-09 16:22:57 GMT  183754 176924
Tue 2010-02-16 16:37:48 GMT  184762 177891
Fri 2010-02-19 16:01:04 GMT  185171 178300
Sat 2010-02-20 17:15:12 GMT  185473 178602
Sun 2010-02-21 18:13:26 GMT  185473 178602
Mon 2010-02-22 17:05:04 GMT  185666 178795
Thu 2010-03-11 16:35:36 GMT  185926 179011
Mon 2010-03-22 02:43:41 GMT  185926 179011
Mon 2010-03-22 15:52:24 GMT  185926 179011
Fri 2010-03-26 15:21:23 GMT  186112 179189
Tue 2010-04-20 15:52:42 GMT  186208 179283
Wed 2010-04-21 15:16:31 GMT  186208 179282
Thu 2010-04-22 16:14:17 GMT  186349 179411
Fri 2010-04-23 16:03:33 GMT  186349 179414
Sat 2010-04-24 16:36:23 GMT  186414 179479
Mon 2010-04-26 16:18:58 GMT  186414 179479
Tue 2010-04-27 17:32:38 GMT  186534 179584
Wed 2010-04-28 16:27:17 GMT  186534 179584
Sun 2010-05-02 15:28:50 GMT  186534 179584
Mon 2010-05-03 16:36:18 GMT  186534 179584
Thu 2010-05-06 15:07:32 GMT  186534 179585
Tue 2010-05-11 15:17:02 GMT  187025 180061
Fri 2010-05-21 15:24:59 GMT  187025 180062
Mon 2010-05-24 15:37:34 GMT  187025 180062
Tue 2010-06-08 15:29:18 GMT  187025 180062
Mon 2010-06-21 15:19:19 GMT  187043 180080
Sun 2010-06-27 18:17:26 GMT  188091 181110
Tue 2010-06-29 14:12:48 GMT  188608 181574
Sat 2010-07-03 18:42:18 GMT  188608 181574
Tue 2010-07-20 18:52:57 GMT  188979 181845
Tue 2010-08-03 15:09:22 GMT  189310 182176
Sun 2010-08-15 17:43:52 GMT  189460 182321
Mon 2010-08-16 16:04:54 GMT  189541 182402
Tue 2010-08-24 15:14:43 GMT  189691 182535
Tue 2010-08-31 15:14:13 GMT  189691 182538
Wed 2010-09-01 15:03:11 GMT  189691 182533
Thu 2010-09-02 15:37:49 GMT  190768 183594
Fri 2010-09-03 18:26:43 GMT  190777 183603
Sat 2010-09-04 16:22:57 GMT  191001 183811
Tue 2010-09-07 15:45:30 GMT  191001 183811
Thu 2010-09-09 15:19:37 GMT  191001 183809
Thu 2010-09-23 15:18:49 GMT  191534 184336
Fri 2010-09-24 16:01:01 GMT  191534 184336
Sun 2010-10-03 20:08:18 GMT  191534 184336
Mon 2010-10-04 17:27:20 GMT  191534 184336
Mon 2010-10-11 17:54:36 GMT  192025 184815
Fri 2010-10-15 12:13:24 GMT  192025 184815
Sat 2010-10-16 12:15:11 GMT  192025 184815
Sat 2010-10-30 16:42:18 GMT  193016 185728
Sun 2010-10-31 19:45:52 GMT  193016 185728
Thu 2010-11-04 16:16:05 GMT  193390 186102
Sat 2010-11-06 17:36:51 GMT  193390 186102
Mon 2010-11-08 02:36:06 GMT  193631 186343
Thu 2010-11-11 17:27:14 GMT  193631 186343
Fri 2010-11-12 16:14:59 GMT  193631 186343
Sat 2010-11-13 18:59:32 GMT  193631 186343
Thu 2010-11-18 16:55:26 GMT  193651 186363
Fri 2010-11-19 18:21:39 GMT  193950 186662
Thu 2010-11-25 19:56:07 GMT  194126 186838
Sat 2010-12-04 18:35:08 GMT  194523 187187
Sun 2010-12-05 19:27:39 GMT  194584 187248
Tue 2010-12-07 16:19:58 GMT  194584 187248
Wed 2010-12-08 16:21:16 GMT  194584 187248
Mon 2010-12-13 16:49:45 GMT  194653 187317
Tue 2010-12-14 17:42:29 GMT  194713 187377
Fri 2010-12-17 19:07:43 GMT  194897 187559
Sun 2010-12-19 00:22:38 GMT  194943 187605
Fri 2010-12-24 18:38:34 GMT  194982 187644
Sat 2010-12-25 20:17:28 GMT  194982 187644
Sun 2011-01-02 17:48:32 GMT  195442 188099
Tue 2011-01-04 18:33:33 GMT  195683 188340
Thu 2011-01-06 16:49:30 GMT  196158 188814
Mon 2011-01-10 16:41:08 GMT  196203 188859
Wed 2011-01-12 16:13:06 GMT  196203 188859
Mon 2011-01-17 16:47:49 GMT  196477 189133
Wed 2011-01-19 16:09:26 GMT  196477 189133
Fri 2011-01-28 16:28:40 GMT  196920 189557
Sat 2011-01-29 18:19:29 GMT  196920 189557
Wed 2011-02-02 16:54:15 GMT  196920 189557
Thu 2011-02-03 16:10:23 GMT  196920 189557
Tue 2011-02-08 15:33:55 GMT  197401 190038
Fri 2011-02-11 15:52:09 GMT  197566 190203
Mon 2011-02-21 16:37:49 GMT  198041 190677
Fri 2011-02-25 16:09:28 GMT  198041 190677
Mon 2011-02-28 16:12:20 GMT  198259 190895
Wed 2011-03-09 16:46:53 GMT  198566 191061
Mon 2011-03-14 15:48:37 GMT  198881 191364
Wed 2011-03-16 15:15:29 GMT  198917 191400
Wed 2011-03-30 15:27:54 GMT  198917 191400
Sun 2011-04-03 13:34:21 GMT  199011 191491
Mon 2011-04-04 09:46:19 GMT  199469 191949
Tue 2011-04-12 16:10:11 GMT  199853 192333
Fri 2011-04-15 16:43:32 GMT  200485 192965
Sun 2011-04-17 14:11:47 GMT  200644 193072
Tue 2011-04-19 13:22:00 GMT  200730 193158
Mon 2011-04-25 15:20:33 GMT  200730 193158
Tue 2011-04-26 16:16:31 GMT  200949 193377
Thu 2011-04-28 17:10:50 GMT  201054 193475
Fri 2011-04-29 15:18:09 GMT  201154 193566
Sun 2011-05-08 19:23:35 GMT  203007 195265
Thu 2011-05-12 18:11:27 GMT  203093 195351
Mon 2011-06-06 15:17:07 GMT  204115 196370
Tue 2011-06-07 15:30:24 GMT  204151 196406
Tue 2011-06-21 15:13:16 GMT  204180 196435
Thu 2011-06-23 14:59:01 GMT  204338 196594
Tue 2011-06-28 15:04:03 GMT  204590 196840
Fri 2011-07-01 15:40:25 GMT  204720 196889
Sat 2011-07-02 20:41:31 GMT  204720 196889
Fri 2011-07-15 15:30:33 GMT  205230 197395
Mon 2011-07-18 15:07:13 GMT  205418 197583
Wed 2011-07-20 16:55:45 GMT  205603 197740
Thu 2011-07-21 16:01:35 GMT  205603 197740
Fri 2011-07-22 17:21:21 GMT  206080 198128
Sat 2011-07-23 17:53:38 GMT  206215 198263
Sun 2011-07-24 17:47:10 GMT  206336 198384
Mon 2011-07-25 15:30:51 GMT  206336 198384
Wed 2011-07-27 17:24:00 GMT  206790 198838
Fri 2011-07-29 15:58:48 GMT  206850 198898
Wed 2011-08-03 17:17:27 GMT  206961 199009
Fri 2011-08-05 18:56:35 GMT  207026 199057
Wed 2011-08-24 16:30:26 GMT  207194 199204
Mon 2011-08-29 11:45:31 GMT  207531 199519
Thu 2011-09-01 15:23:49 GMT  207627 199615
Tue 2011-09-13 15:20:19 GMT  208227 200209
Mon 2011-09-19 03:31:20 GMT  208477 200437
Mon 2011-09-19 15:10:15 GMT  208567 200518
Wed 2011-09-21 19:07:52 GMT  208906 200857
Mon 2011-09-26 16:22:14 GMT  209380 201329
Tue 2011-09-27 15:43:16 GMT  209469 201414
Thu 2011-09-29 15:54:44 GMT  209505 201422
Sat 2011-10-01 17:47:06 GMT  209565 201482
Thu 2011-10-06 17:16:21 GMT  210035 201972
Fri 2011-10-07 16:16:08 GMT  210035 201972
Sun 2011-10-09 18:51:17 GMT  210225 202091
Tue 2011-10-11 19:05:44 GMT  210297 202163
Wed 2011-10-12 15:45:13 GMT  210409 202275
Thu 2011-10-13 18:05:41 GMT  210877 202742
Fri 2011-10-14 16:16:22 GMT  211030 202892
Sat 2011-10-15 17:25:37 GMT  211174 203036
Wed 2011-10-19 08:57:28 GMT  211174 203036
Fri 2011-10-21 08:31:51 GMT  211174 203036
Tue 2011-11-08 17:23:11 GMT  211685 203521
Sat 2011-11-12 17:13:44 GMT  211927 203756
Sun 2011-11-13 18:41:13 GMT  212245 204036
Tue 2011-11-15 16:27:57 GMT  212336 204108
Mon 2011-11-21 17:34:55 GMT  212372 204144
Tue 2011-11-22 17:40:03 GMT  212372 204144
Sun 2011-11-27 19:13:17 GMT  212657 204421
Tue 2011-11-29 20:21:51 GMT  212845 204604
Sun 2011-12-04 19:24:18 GMT  213136 204870
Tue 2011-12-06 16:51:50 GMT  213136 204870
Fri 2011-12-09 16:55:20 GMT  213278 205007
Tue 2011-12-13 03:35:03 GMT  213490 205203
Fri 2011-12-16 13:53:14 GMT  213490 205203
Mon 2011-12-19 00:37:28 GMT  213540 205253
Fri 2011-12-23 02:29:43 GMT  213540 205253
Sat 2011-12-24 16:19:45 GMT  213848 205544
Wed 2011-12-28 15:56:59 GMT  214201 205869
Sat 2011-12-31 02:04:56 GMT  214351 206005
Tue 2012-01-03 02:14:42 GMT  214498 206145
Sun 2012-01-08 16:24:47 GMT  215065 206654
Mon 2012-01-09 16:06:09 GMT  215157 206746
Sun 2012-01-22 18:50:55 GMT  215427 207016
Mon 2012-01-23 19:09:21 GMT  215498 207083
Tue 2012-01-24 17:21:48 GMT  215608 207193
Wed 2012-01-25 21:42:31 GMT  215728 207313
Fri 2012-01-27 17:31:11 GMT  215773 207358
Sun 2012-01-29 18:53:01 GMT  215926 207511
Thu 2012-02-02 18:23:44 GMT  215926 207512
Thu 2012-02-02 18:30:04 GMT  215926 207512
Mon 2012-02-06 18:06:14 GMT  215926 207512
Thu 2012-02-09 16:43:34 GMT  216216 207791
Tue 2012-02-14 20:21:48 GMT  216511 208079
Thu 2012-02-16 17:20:40 GMT  216679 208226
Sat 2012-02-18 19:43:00 GMT  216802 208343
Wed 2012-02-22 20:15:11 GMT  217161 208702
Thu 2012-02-23 16:40:58 GMT  217161 208702
Sun 2012-02-26 18:51:12 GMT  217161 208722
Tue 2012-02-28 16:42:19 GMT  217161 208750
Sat 2012-03-10 18:05:29 GMT  218172 209755
Sun 2012-03-11 19:15:37 GMT  218245 209835
Mon 2012-03-12 21:56:55 GMT  218245 209837
Thu 2012-03-15 16:07:58 GMT  218800 210325
Sun 2012-03-18 18:32:21 GMT  219308 210784
Mon 2012-03-19 15:12:08 GMT  219524 211000
Tue 2012-03-20 16:59:36 GMT  219612 211088
Sat 2012-03-24 18:08:28 GMT  220009 211454
Mon 2012-03-26 15:37:11 GMT  221569 212985
Tue 2012-03-27 16:20:10 GMT  221743 213155
Wed 2012-03-28 19:54:03 GMT  221863 213267
Thu 2012-03-29 15:58:26 GMT  222188 213592
Sun 2012-04-01 18:06:27 GMT  222188 213592
Tue 2012-04-03 16:58:09 GMT  222965 214369
Thu 2012-04-05 19:59:46 GMT  223002 214406
Fri 2012-04-06 17:35:21 GMT  223002 214406
Mon 2012-04-09 15:44:07 GMT  223869 215272
Wed 2012-04-11 15:50:32 GMT  224044 215447
Thu 2012-04-12 16:14:40 GMT  224274 215646
Fri 2012-04-13 16:00:59 GMT  224274 215646
Tue 2012-04-17 16:43:24 GMT  225051 216413
Thu 2012-04-19 15:57:16 GMT  225051 216413
Tue 2012-04-24 16:07:33 GMT  225613 216972
Wed 2012-04-25 15:42:02 GMT  225613 216972
Wed 2012-05-02 15:28:48 GMT  226061 217382
Tue 2012-05-08 15:15:33 GMT  226171 217490
Mon 2012-05-14 17:32:41 GMT  226426 217745
Tue 2012-05-15 17:11:46 GMT  226462 217781
Tue 2012-06-05 15:41:00 GMT  226540 217859
Sun 2012-06-17 17:33:14 GMT  226630 217949
Wed 2012-06-20 16:54:24 GMT  226630 217949
Fri 2012-06-22 16:45:01 GMT  227100 218418
Mon 2012-06-25 15:36:18 GMT  227100 218418
Tue 2012-06-26 16:18:28 GMT  227356 218674
Wed 2012-06-27 15:33:26 GMT  227356 218673
Thu 2012-06-28 17:01:12 GMT  227489 218806
Mon 2012-07-02 19:03:40 GMT  227629 218946
Tue 2012-07-03 16:00:12 GMT  227760 219077
Wed 2012-07-04 16:41:39 GMT  227760 219077
Sat 2012-07-07 18:28:17 GMT  227940 219257
Tue 2012-07-10 16:00:09 GMT  228028 219345
Fri 2012-07-13 13:12:51 GMT  228307 219604
Sat 2012-07-14 17:37:10 GMT  228350 219647
Sun 2012-07-15 13:41:20 GMT  228350 219647
Tue 2012-07-17 00:52:13 GMT  228350 219647
Wed 2012-07-18 03:17:35 GMT  228350 219647
Tue 2012-07-24 17:03:45 GMT  228442 219739
Wed 2012-07-25 16:14:56 GMT  228762 220055
Thu 2012-07-26 15:33:12 GMT  228762 220055
Fri 2012-07-27 12:49:24 GMT  228762 220055
Sat 2012-07-28 17:55:30 GMT  228762 220055
Tue 2012-07-31 15:54:07 GMT  228762 220055
Thu 2012-08-02 18:53:56 GMT  229196 220472
Mon 2012-08-13 15:24:56 GMT  229455 220728
Tue 2012-08-14 15:26:55 GMT  229455 220728
Wed 2012-08-15 15:39:44 GMT  229455 220728
Thu 2012-08-16 15:28:49 GMT  229734 221007
Fri 2012-08-17 15:52:14 GMT  229952 221200
Sat 2012-08-18 17:46:54 GMT  229952 221200
Fri 2012-08-24 19:22:32 GMT  230247 221480
Sun 2012-08-26 18:39:54 GMT  230453 221640
Mon 2012-08-27 16:10:37 GMT  230543 221730
Wed 2012-08-29 18:26:36 GMT  230717 221878
Fri 2012-08-31 16:29:18 GMT  230799 221959
Sat 2012-09-01 16:13:28 GMT  230887 222047
Sun 2012-09-02 16:42:32 GMT  230887 222047
Mon 2012-09-03 17:59:57 GMT  231406 222476
Tue 2012-09-04 17:35:39 GMT  231418 222488
Wed 2012-09-05 15:17:02 GMT  231418 222488
Thu 2012-09-06 17:33:39 GMT  231418 222488
Fri 2012-09-07 16:51:26 GMT  231918 222887
Sat 2012-09-08 22:40:01 GMT  232058 223010
Wed 2012-09-12 14:49:17 GMT  232058 223010
Thu 2012-09-13 16:34:24 GMT  232165 223117
Fri 2012-09-14 16:10:31 GMT  232165 223117
Thu 2012-09-20 16:30:39 GMT  232410 223362
Sat 2012-09-22 18:32:07 GMT  232701 223642
Sun 2012-09-23 16:21:31 GMT  232701 223642
Mon 2012-09-24 16:06:24 GMT  232701 223642
Tue 2012-09-25 16:43:59 GMT  232848 223741
Wed 2012-09-26 14:41:41 GMT  233009 223902
Thu 2012-09-27 17:26:07 GMT  233009 223902
Fri 2012-09-28 16:13:32 GMT  233009 223902
Sat 2012-09-29 17:15:09 GMT  233593 224485
Sun 2012-09-30 19:48:39 GMT  233593 224485
Tue 2012-10-02 15:14:32 GMT  233593 224485
Thu 2012-10-04 15:47:49 GMT  233834 224726
Fri 2012-10-05 15:27:36 GMT  233948 224840
Sat 2012-10-06 17:26:58 GMT  233948 224840
Sun 2012-10-07 17:32:10 GMT  233948 224840
Mon 2012-10-08 16:33:55 GMT  233948 224840
Tue 2012-10-09 15:19:40 GMT  233948 224840
Wed 2012-10-10 17:43:27 GMT  233948 224840
Fri 2012-10-12 16:17:30 GMT  233948 224840
Tue 2012-10-16 15:27:21 GMT  233948 224840
Wed 2012-10-17 17:12:43 GMT  233948 224840
Sat 2012-10-20 19:45:40 GMT  234146 225038
Mon 2012-10-22 16:03:33 GMT  234317 225209
Tue 2012-10-23 17:01:53 GMT  234317 225209
Tue 2012-10-30 16:58:05 GMT  234768 225653
Thu 2012-11-01 17:13:10 GMT  234910 225792
Fri 2012-11-02 15:54:37 GMT  235028 225910
Sat 2012-11-03 18:38:16 GMT  235028 225910
Mon 2012-11-05 16:32:41 GMT  235268 226150
Tue 2012-11-06 15:47:27 GMT  235353 226235
Tue 2012-11-13 20:58:47 GMT  235353 226235
Thu 2012-11-15 17:39:00 GMT  235816 226683
Fri 2012-11-16 16:09:14 GMT  236035 226903
Mon 2012-11-19 16:58:38 GMT  236037 226905
Wed 2012-11-21 20:06:39 GMT  236037 226905
Mon 2012-11-26 17:09:52 GMT  236037 226905
Fri 2012-11-30 16:09:37 GMT  236324 227191
Sat 2012-12-01 19:57:42 GMT  236489 227355
Mon 2012-12-03 17:01:17 GMT  236489 227355
Tue 2012-12-04 16:12:59 GMT  236526 227392
Fri 2012-12-07 16:52:41 GMT  236662 227527
Sat 2012-12-08 20:07:34 GMT  236812 227670
Mon 2012-12-10 16:28:41 GMT  236812 227669
Sat 2012-12-15 19:37:03 GMT  236812 227669
Sun 2012-12-16 19:11:32 GMT  237065 227917
Tue 2012-12-18 04:17:28 GMT  237065 227917
Wed 2012-12-19 16:27:21 GMT  237065 227917
Wed 2012-12-26 18:29:35 GMT  237065 227917
Fri 2012-12-28 17:14:32 GMT  237066 227917
Sat 2012-12-29 16:28:55 GMT  237066 227917
Sun 2012-12-30 16:13:00 GMT  237066 227917
Mon 2012-12-31 21:06:57 GMT  237066 227917
Wed 2013-01-02 18:00:31 GMT  237066 227917
Thu 2013-01-03 16:59:53 GMT  237066 227917
Fri 2013-01-04 18:03:20 GMT  237509 228359
Sat 2013-01-05 18:28:51 GMT  237509 228359
Mon 2013-01-07 19:27:52 GMT  237509 228359
Tue 2013-01-08 16:30:57 GMT  237660 228504
Wed 2013-01-09 17:13:59 GMT  237660 228504
Thu 2013-01-10 20:25:07 GMT  237660 228504
Sat 2013-01-12 19:03:58 GMT  237986 228811
Mon 2013-01-14 16:54:07 GMT  238143 228931
Tue 2013-01-15 17:55:13 GMT  238143 228931
Sat 2013-01-19 18:40:00 GMT  238143 228931
Sun 2013-01-20 19:41:26 GMT  238143 228931
Tue 2013-01-22 00:56:49 GMT  238292 229023
Thu 2013-01-24 16:23:51 GMT  238526 229257
Fri 2013-01-25 16:15:17 GMT  238726 229456
Sat 2013-01-26 19:58:15 GMT  238726 229456
Thu 2013-01-31 17:13:13 GMT  238767 229497
Fri 2013-02-01 17:09:37 GMT  238931 229654
Sun 2013-02-03 18:21:27 GMT  238931 229654
Wed 2013-02-06 17:56:59 GMT  239099 229811
Thu 2013-02-07 16:19:13 GMT  239499 230211
Fri 2013-02-08 19:03:11 GMT  239746 230458
Tue 2013-02-19 17:04:41 GMT  239806 230514
Sun 2013-02-24 17:56:39 GMT  240036 230697
Wed 2013-02-27 16:36:34 GMT  240216 230875
Fri 2013-03-01 16:33:52 GMT  240370 231023
Sat 2013-03-02 20:06:27 GMT  240370 231023
Sun 2013-03-03 19:00:59 GMT  240370 231023
Sat 2013-03-09 19:42:39 GMT  240888 231533
Sun 2013-03-10 19:33:24 GMT  241011 231648
Wed 2013-03-13 12:40:09 GMT  241251 231888
Thu 2013-03-14 14:14:08 GMT  241301 231938
Mon 2013-03-18 14:37:47 GMT  241415 232041
Sun 2013-03-24 20:26:24 GMT  241546 232172
Mon 2013-03-25 15:49:07 GMT  241620 232246
Sun 2013-04-07 18:00:57 GMT  242118 232737
Mon 2013-04-15 16:18:36 GMT  242896 233505
Sun 2013-04-21 21:07:40 GMT  243061 233651
Wed 2013-04-24 15:35:28 GMT  243061 233651
Sun 2013-05-05 09:40:10 GMT  243241 233832
Tue 2013-05-07 19:11:25 GMT  243241 233832
Fri 2013-05-10 14:18:09 GMT  243605 234167
Sat 2013-05-11 16:25:08 GMT  243743 234305
Mon 2013-05-13 19:20:39 GMT  243743 234305
Sat 2013-06-15 14:32:19 GMT  244036 234596
Mon 2013-06-17 14:02:57 GMT  244400 234959
Wed 2013-06-19 15:20:05 GMT  244484 235043
Thu 2013-06-20 15:54:43 GMT  244770 235328
Tue 2013-06-25 15:40:56 GMT  244770 235328
Thu 2013-06-27 19:21:46 GMT  244908 235466
Fri 2013-06-28 16:32:59 GMT  244908 235466
Wed 2013-07-03 15:30:32 GMT  245087 235632
Wed 2013-07-17 17:55:06 GMT  245483 236028
Thu 2013-07-18 15:30:44 GMT  245529 236074
Fri 2013-07-19 15:42:59 GMT  245776 236321
Sun 2013-07-21 17:35:54 GMT  246490 237034
Tue 2013-07-23 15:59:04 GMT  246641 237177
Fri 2013-07-26 03:35:06 GMT  246641 237177
Fri 2013-08-02 15:31:15 GMT  246641 237177
Sun 2013-08-11 19:17:57 GMT  246835 237371
Mon 2013-08-12 16:33:58 GMT  247027 237562
Tue 2013-08-13 15:14:10 GMT  247027 237562
Sat 2013-08-17 18:27:38 GMT  247264 237791
Sun 2013-08-18 18:28:51 GMT  247264 237791
Wed 2013-08-21 16:36:31 GMT  247264 237791
Thu 2013-08-22 15:45:44 GMT  247264 237790
Wed 2013-08-28 16:11:48 GMT  247264 237790
Thu 2013-08-29 13:03:39 GMT  247264 237790
Sat 2013-08-31 18:06:15 GMT  247489 237984
Sat 2013-09-07 09:09:23 GMT  247489 237984
Sun 2013-09-08 11:10:37 GMT  247939 238354
Wed 2013-09-11 08:54:12 GMT  248716 239127
Sun 2013-09-22 15:06:02 GMT  249169 239581
Tue 2013-09-24 13:23:01 GMT  249319 239701
Wed 2013-09-25 13:39:54 GMT  249469 239805
Sun 2013-09-29 17:02:09 GMT  249780 240108
Wed 2013-10-02 15:01:41 GMT  249780 240108
Fri 2013-10-04 15:17:52 GMT  249930 240258
Sat 2013-10-05 17:36:19 GMT  250100 240391
Mon 2013-10-07 15:54:24 GMT  250532 240823
Tue 2013-10-08 15:05:13 GMT  250532 240823
Thu 2013-10-10 13:54:09 GMT  250532 240823
Fri 2013-10-18 17:07:36 GMT  250738 241026
Sat 2013-10-19 13:56:36 GMT  250911 241199
Tue 2013-10-29 22:52:10 GMT  251465 241746
Fri 2013-11-01 16:15:39 GMT  251675 241949
Sat 2013-11-02 19:34:45 GMT  251675 241949
Mon 2013-11-04 16:57:54 GMT  251675 241949
Fri 2013-11-08 15:57:29 GMT  251932 242206
Fri 2013-11-15 16:26:44 GMT  251932 242206
Sun 2013-11-17 19:24:07 GMT  252337 242538
Wed 2013-11-20 19:25:23 GMT  252659 242860
Sat 2013-11-23 19:35:03 GMT  252972 243171
Thu 2013-12-05 18:11:07 GMT  253107 243302
Fri 2013-12-06 16:47:49 GMT  253107 243302
Sun 2013-12-08 21:36:05 GMT  253242 243416
Tue 2013-12-10 16:08:32 GMT  253572 243720
Tue 2013-12-10 16:15:39 GMT  253572 243720
Wed 2013-12-11 17:10:51 GMT  253645 243793
Thu 2013-12-12 21:35:41 GMT  253645 243793
Fri 2013-12-13 18:11:22 GMT  253779 243927
Sun 2013-12-15 16:54:01 GMT  254025 244140
Mon 2013-12-16 16:52:37 GMT  254025 244140
Tue 2013-12-17 17:43:22 GMT  254025 244140
Sun 2013-12-22 20:04:57 GMT  254218 244333
Thu 2013-12-26 15:04:52 GMT  254398 244499
Thu 2014-01-02 22:51:00 GMT  254510 244611
Fri 2014-01-03 16:47:28 GMT  254555 244656
Sun 2014-01-12 18:40:15 GMT  254995 245035
Tue 2014-01-14 17:08:43 GMT  255067 245078
Mon 2014-01-20 16:35:44 GMT  255308 245286
Tue 2014-01-21 18:44:23 GMT  255443 245421
Thu 2014-01-23 14:26:27 GMT  255540 245518
Sun 2014-01-26 19:13:17 GMT  255716 245694
Mon 2014-01-27 16:45:47 GMT  255806 245784
Tue 2014-01-28 19:42:06 GMT  255806 245784
Thu 2014-01-30 18:55:26 GMT  255806 245790
Fri 2014-01-31 16:43:20 GMT  255806 245790
Tue 2014-02-11 18:20:37 GMT  255809 245800
Thu 2014-02-13 18:02:52 GMT  255809 245801
Sat 2014-02-15 20:01:30 GMT  255809 245804
Mon 2014-02-24 22:21:10 GMT  255866 245861
Wed 2014-03-05 17:59:08 GMT  256423 246418
Tue 2014-03-11 15:13:46 GMT  256423 246418
Sat 2014-03-22 18:35:10 GMT  257185 247179
Tue 2014-03-25 16:23:23 GMT  257347 247268
Wed 2014-03-26 19:20:12 GMT  257347 247268
Thu 2014-03-27 18:25:52 GMT  257383 247304
Sat 2014-03-29 17:52:24 GMT  257479 247398
Wed 2014-04-02 16:13:49 GMT  257515 247434
Fri 2014-04-04 16:13:16 GMT  257620 247539
Wed 2014-04-23 17:28:01 GMT  257620 247539
Sat 2014-05-03 19:27:29 GMT  258870 248789
Sat 2014-05-03 19:36:00 GMT  258870 248789
Sun 2014-05-04 17:56:43 GMT  258870 248789
Wed 2014-05-07 15:55:38 GMT  259123 249034
Tue 2014-06-17 14:00:09 GMT  260346 250173
Wed 2014-06-18 19:27:03 GMT  260565 250318
Fri 2014-06-20 10:10:06 GMT  260648 250365
Tue 2014-07-01 15:12:51 GMT  261665 251379
Wed 2014-07-02 15:15:20 GMT  261726 251440
Fri 2014-07-04 16:03:31 GMT  262161 251865
Sat 2014-07-05 16:44:46 GMT  262161 251865
Mon 2014-07-14 16:34:54 GMT  262205 251905
Thu 2014-07-17 03:11:25 GMT  262333 252033
Sun 2014-07-20 01:30:23 GMT  262590 252290
Thu 2014-07-24 12:23:56 GMT  263022 252717
Sun 2014-07-27 04:09:36 GMT  263203 252898
Mon 2014-07-28 17:12:52 GMT  263477 253172
Tue 2014-07-29 16:57:35 GMT  263477 253172
Wed 2014-08-06 12:40:27 GMT  264174 253867
Thu 2014-08-07 14:19:48 GMT  264234 253927
Tue 2014-08-12 14:54:49 GMT  264538 254197
Thu 2014-08-14 15:21:44 GMT  264538 254197
Fri 2014-08-15 15:43:01 GMT  264538 254197
Sat 2014-08-16 17:31:06 GMT  264601 254257
Tue 2014-08-19 15:38:06 GMT  264879 254525
Wed 2014-08-20 18:28:25 GMT  265111 254741
Fri 2014-08-22 14:52:13 GMT  265147 254777
Fri 2014-08-29 15:20:50 GMT  265196 254802
Mon 2014-09-01 19:33:34 GMT  265304 254910
Thu 2014-09-11 17:47:31 GMT  265525 255131
Sat 2014-09-13 18:29:08 GMT  265748 255333
Sun 2014-09-14 16:22:44 GMT  265748 255333
Tue 2014-09-16 20:52:08 GMT  265888 255473
Mon 2014-09-22 14:36:36 GMT  265991 255572
Tue 2014-09-30 15:28:32 GMT  266501 256072
Mon 2014-10-06 15:47:47 GMT  267049 256576
Thu 2014-10-09 15:58:48 GMT  267570 257043
Mon 2014-10-13 16:54:55 GMT  267865 257298
Fri 2014-10-17 15:35:16 GMT  268159 257568
Thu 2014-10-23 19:20:10 GMT  268509 257918
Sun 2014-10-26 19:07:52 GMT  268787 258194
Mon 2014-10-27 17:11:20 GMT  268787 258194
Tue 2014-10-28 15:16:47 GMT  268750 258157
Thu 2014-10-30 16:03:01 GMT  268885 258292
Mon 2014-11-10 16:39:51 GMT  270127 259520
Tue 2014-11-11 16:19:48 GMT  270127 259517
Wed 2014-11-12 16:32:20 GMT  270166 259557
Thu 2014-11-13 18:30:00 GMT  270166 259557
Sat 2014-11-15 19:37:34 GMT  270166 259557
Wed 2014-11-19 16:45:22 GMT  270368 259759
Thu 2014-11-20 16:33:33 GMT  270368 259759
Fri 2014-11-21 17:23:03 GMT  270368 259759
Wed 2014-11-26 18:41:21 GMT  270907 260298
Sat 2014-11-29 18:56:53 GMT  271102 260493
Fri 2014-12-12 17:48:34 GMT  271102 260493
Sat 2014-12-13 20:11:06 GMT  271102 260493
Tue 2014-12-16 16:24:03 GMT  271406 260797
Wed 2014-12-17 16:21:59 GMT  271442 260833
Sat 2014-12-20 00:06:25 GMT  271673 261055
Sat 2014-12-20 00:09:41 GMT  271673 261055
Sat 2014-12-20 00:23:32 GMT  271673 261055
Mon 2014-12-22 17:32:24 GMT  272204 261567
Wed 2014-12-24 17:24:42 GMT  272551 261906
Sat 2014-12-27 16:04:39 GMT  272632 261987
Mon 2014-12-29 18:30:15 GMT  272809 262133
Fri 2015-01-02 17:00:32 GMT  273198 262522
Sat 2015-01-03 18:38:41 GMT  273395 262719
Mon 2015-01-05 16:52:50 GMT  273695 262999
Tue 2015-01-06 17:00:36 GMT  273695 262999
Wed 2015-01-07 16:27:40 GMT  273815 263108
Fri 2015-01-09 16:34:40 GMT  273926 263210
Sat 2015-01-10 18:00:37 GMT  273926 263210
Sun 2015-01-11 19:05:14 GMT  273926 263210
Mon 2015-01-12 17:41:58 GMT  274038 263322
Sat 2015-01-17 17:57:15 GMT  274183 263467
Thu 2015-01-22 17:49:48 GMT  274255 263539
Sun 2015-01-25 19:12:25 GMT  274315 263595
Mon 2015-01-26 17:24:40 GMT  274494 263774
Thu 2015-01-29 15:56:41 GMT  274611 263891
Sat 2015-01-31 19:33:52 GMT  274648 263928
Mon 2015-02-02 15:52:35 GMT  274774 264054
Fri 2015-02-06 02:04:35 GMT  274849 264129
Sat 2015-02-07 19:15:43 GMT  274849 264129
Sun 2015-02-08 17:36:49 GMT  275041 264321
Sun 2015-02-15 18:26:11 GMT  275461 264722
Mon 2015-02-16 16:22:30 GMT  275585 264786
Sat 2015-02-21 18:33:45 GMT  275645 264831
Sun 2015-02-22 17:56:36 GMT  276002 265175
Mon 2015-03-02 17:53:31 GMT  276075 265248
Tue 2015-03-03 22:55:25 GMT  276159 265332
Wed 2015-03-04 16:40:45 GMT  276159 265332
Fri 2015-03-06 17:07:38 GMT  276231 265404
Sat 2015-03-07 16:42:28 GMT  276303 265476
Sun 2015-03-08 15:49:55 GMT  276428 265592
Mon 2015-03-09 15:43:38 GMT  276473 265637
Thu 2015-03-12 16:20:37 GMT  276673 265822
Fri 2015-03-13 15:45:22 GMT  276734 265883
Sat 2015-03-14 17:17:55 GMT  276854 266003
Sun 2015-03-15 17:35:55 GMT  277017 266166
Thu 2015-03-19 15:25:33 GMT  277017 266166
Sat 2015-03-21 18:07:57 GMT  277095 266244
Thu 2015-03-26 15:49:08 GMT  277256 266405
Fri 2015-03-27 15:42:44 GMT  277316 266464
Sat 2015-03-28 18:24:45 GMT  277345 266493
Tue 2015-03-31 15:50:37 GMT  277513 266661
Sun 2015-04-05 21:23:31 GMT  277812 266960
Tue 2015-04-07 15:48:08 GMT  277908 267056
Sat 2015-04-11 16:56:38 GMT  277989 267137
Mon 2015-04-13 17:31:24 GMT  278157 267305
Fri 2015-04-17 20:03:02 GMT  278425 267570
Tue 2015-04-21 15:30:12 GMT  278869 267977
Fri 2015-04-24 15:39:03 GMT  279121 268220
Sun 2015-04-26 15:30:38 GMT  279157 268252
Tue 2015-04-28 17:07:27 GMT  279157 268252
Wed 2015-04-29 15:39:54 GMT  279234 268329
Thu 2015-04-30 15:54:17 GMT  279296 268391
Fri 2015-05-01 15:47:28 GMT  279439 268534
Tue 2015-05-05 17:21:05 GMT  279643 268738
Sun 2015-05-10 16:38:24 GMT  279733 268828
Mon 2015-05-11 17:35:16 GMT  279733 268828
Wed 2015-05-13 09:05:57 GMT  280119 269197
Sat 2015-05-16 07:18:02 GMT  280119 269197
Sun 2015-05-24 11:57:23 GMT  280683 269761
Thu 2015-05-28 15:33:08 GMT  280773 269851
Fri 2015-05-29 19:19:09 GMT  280821 269899
Sun 2015-05-31 16:44:55 GMT  280857 269935
Tue 2015-06-02 17:13:16 GMT  280857 269935
Wed 2015-06-03 14:11:37 GMT  280953 270024
Thu 2015-06-04 15:02:57 GMT  280953 270024
Fri 2015-06-05 15:33:03 GMT  281047 270118
Sat 2015-06-06 15:21:12 GMT  281137 270208
Mon 2015-06-08 15:16:39 GMT  281137 270208
Wed 2015-06-10 14:31:02 GMT  281377 270448
Thu 2015-06-11 15:46:00 GMT  281377 270448
Sat 2015-06-13 14:01:06 GMT  281546 270610
Sun 2015-06-14 15:11:31 GMT  281714 270770
Mon 2015-06-15 15:38:57 GMT  281714 270770
Tue 2015-06-16 17:42:58 GMT  281714 270770
Thu 2015-06-18 03:06:48 GMT  281786 270842
Thu 2015-06-18 13:36:47 GMT  281836 270888
Sun 2015-06-21 20:14:07 GMT  281878 270930
Wed 2015-06-24 16:21:49 GMT  281923 270975
Fri 2015-06-26 18:12:07 GMT  281923 270975
Sun 2015-06-28 17:32:20 GMT  282058 271110
Sun 2015-07-05 18:15:31 GMT  282351 271402
Mon 2015-07-06 16:40:45 GMT  282351 271403
Tue 2015-07-07 16:08:23 GMT  282350 271402
Sun 2015-07-12 17:52:52 GMT  282350 271402
Wed 2015-07-15 12:25:32 GMT  282609 271655
Fri 2015-07-17 10:37:13 GMT  282777 271823
Sat 2015-07-18 09:18:55 GMT  282837 271883
Mon 2015-07-20 09:20:02 GMT  282882 271928
Wed 2015-07-22 09:18:12 GMT  283035 272081
Fri 2015-07-24 00:16:53 GMT  283170 272216
Sun 2015-07-26 16:00:35 GMT  283301 272317
Mon 2015-07-27 16:09:35 GMT  283384 272400
Tue 2015-07-28 15:12:51 GMT  283450 272466
Thu 2015-07-30 15:11:56 GMT  283811 272827
Mon 2015-08-03 15:54:01 GMT  283811 272824
Sun 2015-08-30 17:33:08 GMT  284053 273006
Mon 2015-08-31 15:59:18 GMT  284149 273098
Wed 2015-09-02 17:05:39 GMT  284199 273148
Thu 2015-09-03 15:53:52 GMT  284307 273256
Fri 2015-09-04 17:26:07 GMT  284353 273302
Sat 2015-09-05 18:30:18 GMT  284479 273428
Sun 2015-09-06 18:30:52 GMT  284479 273428
Wed 2015-09-09 14:39:44 GMT  284479 273428
Thu 2015-09-10 17:38:20 GMT  284629 273571
Fri 2015-09-11 16:12:58 GMT  284629 273571
Sat 2015-09-12 21:20:31 GMT  284900 273842
Sun 2015-09-13 18:25:59 GMT  284900 273842
Mon 2015-09-14 16:00:50 GMT  285098 274040
Tue 2015-09-15 16:33:55 GMT  285134 274076
Wed 2015-09-16 13:49:03 GMT  285170 274112
Sun 2015-09-20 16:55:29 GMT  285255 274197
Wed 2015-09-23 15:01:59 GMT  285330 274242
Thu 2015-09-24 15:34:06 GMT  285430 274342
Fri 2015-09-25 16:18:49 GMT  285553 274465
Sat 2015-09-26 17:53:48 GMT  285684 274577
Tue 2015-09-29 16:05:58 GMT  285781 274674
Wed 2015-09-30 17:26:06 GMT  285781 274674
Sat 2015-10-03 00:25:51 GMT  285786 274679
Sat 2015-10-03 20:38:27 GMT  285862 274720
Mon 2015-10-05 15:50:56 GMT  285862 274720
Tue 2015-10-06 15:24:49 GMT  286128 274922
Wed 2015-10-07 13:56:40 GMT  286338 275131
Thu 2015-10-08 15:44:48 GMT  286383 275176
Fri 2015-10-09 16:03:12 GMT  286473 275266
Sun 2015-10-11 16:18:16 GMT  286518 275311
Wed 2015-10-14 13:30:18 GMT  286564 275357
Thu 2015-10-15 20:30:40 GMT  286549 275343
Sat 2015-10-17 17:48:14 GMT  286622 275416
Thu 2015-10-22 16:05:41 GMT  286715 275509
Sat 2015-10-24 18:42:35 GMT  286808 275602
Sun 2015-10-25 16:48:52 GMT  286883 275677
Mon 2015-10-26 16:33:01 GMT  286883 275677
Wed 2015-10-28 16:09:50 GMT  286928 275722
Sat 2015-10-31 15:56:10 GMT  287337 276127
Sun 2015-11-01 16:50:04 GMT  287402 276192
Fri 2015-11-06 16:21:56 GMT  287513 276302
Sat 2015-11-07 16:53:11 GMT  287621 276410
Mon 2015-11-09 04:07:19 GMT  287657 276446
Mon 2015-11-09 17:34:38 GMT  287702 276491
Wed 2015-11-11 14:45:38 GMT  287777 276564
Thu 2015-11-12 20:40:45 GMT  287777 276564
Sat 2015-11-14 17:48:42 GMT  287840 276627
Fri 2015-11-20 17:52:09 GMT  287930 276717
Sun 2015-11-22 21:13:16 GMT  287930 276717
Wed 2015-11-25 19:33:10 GMT  288110 276897
Fri 2015-11-27 19:41:06 GMT  288185 276968
Sat 2015-11-28 18:59:58 GMT  288185 276968
Mon 2015-11-30 16:37:14 GMT  288290 277064
Tue 2015-12-01 18:05:35 GMT  288329 277103
Wed 2015-12-02 15:23:56 GMT  288366 277140
Thu 2015-12-10 19:13:40 GMT  288519 277293
Fri 2015-12-11 17:11:32 GMT  288624 277398
Sat 2015-12-12 20:05:03 GMT  288675 277449
Mon 2015-12-21 19:48:30 GMT  288831 277605
Wed 2015-12-23 18:27:47 GMT  288996 277770
Fri 2015-12-25 17:36:33 GMT  289041 277815
Sun 2015-12-27 16:37:35 GMT  289164 277938
Tue 2015-12-29 16:54:42 GMT  289372 278146
Wed 2015-12-30 17:22:33 GMT  289432 278206
Thu 2015-12-31 15:17:10 GMT  289432 278206
Wed 2016-01-06 17:44:37 GMT  289628 278362
Thu 2016-01-07 17:18:50 GMT  289628 278361
Fri 2016-01-08 17:23:40 GMT  289755 278487
Mon 2016-01-11 19:03:06 GMT  289890 278572
Thu 2016-01-14 17:02:37 GMT  289890 278572
Fri 2016-01-15 18:07:17 GMT  289890 278572
Mon 2016-01-18 17:40:10 GMT  290070 278737
Wed 2016-01-20 17:38:57 GMT  290190 278853
Thu 2016-01-21 16:55:31 GMT  290223 278882
Fri 2016-01-22 19:03:53 GMT  290268 278927
Sat 2016-01-23 20:35:27 GMT  290304 278963
Sun 2016-01-24 19:54:38 GMT  290340 278999
Mon 2016-01-25 17:43:23 GMT  290376 279035
Tue 2016-01-26 16:06:46 GMT  290413 279072
Wed 2016-01-27 17:06:20 GMT  290413 279072
Fri 2016-01-29 17:48:29 GMT  290504 279163
Sat 2016-01-30 21:07:34 GMT  290541 279199
Sun 2016-01-31 15:57:21 GMT  290629 279287
Wed 2016-02-10 01:12:25 GMT  290674 279332
Wed 2016-02-10 17:21:24 GMT  290720 279378
Thu 2016-02-11 18:52:52 GMT  290766 279424
Sat 2016-02-13 22:23:39 GMT  290859 279517
Tue 2016-02-16 17:03:27 GMT  290973 279631
Wed 2016-02-17 17:19:26 GMT  291010 279668
Mon 2016-02-22 17:17:38 GMT  291108 279766
Tue 2016-02-23 16:31:23 GMT  291270 279928
Thu 2016-02-25 17:22:19 GMT  291306 279964
Mon 2016-02-29 17:40:32 GMT  291342 280000
Mon 2016-03-07 16:49:12 GMT  291423 280081
Tue 2016-03-08 16:31:57 GMT  291462 280120
Wed 2016-03-09 17:24:24 GMT  291544 280202
Thu 2016-03-10 16:15:14 GMT  291605 280263
Fri 2016-03-11 17:03:33 GMT  291605 280263
Sat 2016-03-12 22:47:09 GMT  291641 280299
Mon 2016-03-14 16:23:52 GMT  291641 280299
Wed 2016-03-16 16:00:54 GMT  291687 280345
Fri 2016-03-18 15:43:38 GMT  291795 280453
Sun 2016-03-20 20:42:36 GMT  292012 280669
Tue 2016-03-22 18:43:41 GMT  292084 280741
Wed 2016-03-23 15:48:21 GMT  292234 280885
Mon 2016-03-28 15:31:01 GMT  292234 280885
Tue 2016-03-29 15:44:32 GMT  292322 280969
Thu 2016-03-31 12:48:33 GMT  292397 281036
Fri 2016-04-01 16:02:27 GMT  292565 281204
Sat 2016-04-02 18:48:58 GMT  292565 281204
Fri 2016-04-22 16:51:46 GMT  292921 281560
Sat 2016-04-23 18:50:52 GMT  292970 281609
Sun 2016-04-24 14:33:37 GMT  292970 281609
Tue 2016-04-26 13:50:36 GMT  293052 281691
Wed 2016-04-27 18:46:38 GMT  293088 281727
Fri 2016-04-29 15:28:58 GMT  293088 281727
Sun 2016-05-01 19:09:13 GMT  293189 281828
Tue 2016-05-03 15:19:38 GMT  293279 281918
Wed 2016-05-04 14:44:22 GMT  293369 282008
Fri 2016-05-06 16:37:36 GMT  293405 282044
Sun 2016-05-08 13:33:09 GMT  293534 282173
Mon 2016-05-09 18:00:09 GMT  293606 282245
Tue 2016-05-10 16:10:18 GMT  293667 282306
Wed 2016-05-11 17:22:05 GMT  293737 282376
Thu 2016-05-12 16:04:08 GMT  293779 282418
Fri 2016-05-13 16:58:26 GMT  293816 282455
Sun 2016-05-15 18:16:32 GMT  293906 282545
Mon 2016-05-16 15:44:06 GMT  294052 282691
Tue 2016-05-17 17:01:13 GMT  294052 282691
Wed 2016-05-18 17:40:27 GMT  294052 282691
Fri 2016-05-20 19:45:44 GMT  294198 282837
Sun 2016-05-22 21:31:13 GMT  294198 282837
Wed 2016-05-25 16:12:27 GMT  294288 282927
Thu 2016-05-26 17:20:17 GMT  294348 282987
Sat 2016-05-28 15:01:01 GMT  294573 283211
Sun 2016-05-29 14:32:03 GMT  294573 283211
Mon 2016-05-30 18:48:38 GMT  294648 283286
Wed 2016-06-01 15:50:28 GMT  294756 283394
Thu 2016-06-02 16:09:10 GMT  294804 283442
Fri 2016-06-03 15:35:37 GMT  294954 283592
Sun 2016-06-05 20:25:41 GMT  294996 283634
Mon 2016-06-06 15:58:13 GMT  295032 283670
Tue 2016-06-07 16:30:32 GMT  295068 283706
Wed 2016-06-08 16:35:16 GMT  295128 283766
Fri 2016-06-10 19:49:37 GMT  295235 283873
Sat 2016-06-11 16:17:54 GMT  295271 283909
Sun 2016-06-12 12:31:47 GMT  295271 283909
Mon 2016-06-13 15:20:24 GMT  295353 283991
Tue 2016-06-14 17:25:24 GMT  295398 284036
Wed 2016-06-15 16:19:58 GMT  295435 284073
Thu 2016-06-16 13:29:23 GMT  295471 284109
Fri 2016-06-17 19:08:24 GMT  295516 284154
Sat 2016-06-18 17:53:10 GMT  295552 284190
Sun 2016-06-19 18:45:36 GMT  295717 284349
Mon 2016-06-20 15:15:55 GMT  295837 284469
Tue 2016-06-21 15:56:00 GMT  295873 284505
Wed 2016-06-22 15:51:14 GMT  295909 284541
Thu 2016-06-23 15:47:21 GMT  295945 284577
Fri 2016-06-24 15:44:50 GMT  295987 284619
Sat 2016-06-25 18:30:15 GMT  296030 284657
Sun 2016-06-26 17:41:57 GMT  296060 284687
Mon 2016-06-27 15:55:27 GMT  296105 284732
Tue 2016-06-28 14:25:25 GMT  296141 284768
Wed 2016-06-29 17:33:57 GMT  296177 284804
Thu 2016-06-30 15:56:04 GMT  296213 284840
Fri 2016-07-01 18:04:19 GMT  296273 284900
Fri 2016-07-01 18:10:01 GMT  296273 284900
Tue 2016-07-19 16:14:34 GMT  296394 285013
Wed 2016-07-20 15:58:15 GMT  296493 285112
Thu 2016-07-21 15:00:15 GMT  296553 285168
Sun 2016-07-24 12:20:07 GMT  296613 285228
Mon 2016-07-25 13:26:43 GMT  296673 285288
Tue 2016-07-26 12:40:14 GMT  296745 285360
Fri 2016-07-29 14:00:34 GMT  296920 285467
Sat 2016-07-30 13:05:26 GMT  297025 285572
Sun 2016-07-31 14:19:31 GMT  297101 285648
Mon 2016-08-01 18:24:32 GMT  297247 285794
Tue 2016-08-02 14:18:50 GMT  297247 285794
Thu 2016-08-04 14:25:13 GMT  297287 285834
Sun 2016-08-07 14:59:07 GMT  297430 285977
Mon 2016-08-08 15:02:57 GMT  297475 286022
Tue 2016-08-09 18:27:46 GMT  297563 286110
Wed 2016-08-10 15:32:16 GMT  297657 286204
Thu 2016-08-11 14:30:59 GMT  297748 286295
Fri 2016-08-12 12:56:19 GMT  297873 286420
Sat 2016-08-13 15:42:09 GMT  297873 286420
Sun 2016-08-14 16:44:38 GMT  298006 286553
Tue 2016-08-16 14:44:47 GMT  298080 286627
Wed 2016-08-17 18:15:39 GMT  298156 286703
Thu 2016-08-18 12:53:38 GMT  298228 286774
Fri 2016-08-19 13:15:59 GMT  298300 286846
Mon 2016-08-22 15:21:41 GMT  298518 287044
Tue 2016-08-23 14:57:47 GMT  298555 287081
Wed 2016-08-24 19:47:37 GMT  298627 287153
Sun 2016-08-28 20:30:09 GMT  298671 287197
Tue 2016-08-30 15:03:19 GMT  298671 287197
Wed 2016-08-31 14:26:01 GMT  298671 287197
Sat 2016-09-03 16:47:41 GMT  298671 287197
Thu 2016-09-15 15:05:26 GMT  299271 287772
Fri 2016-09-16 14:58:20 GMT  299271 287772
Sat 2016-09-17 14:45:05 GMT  299436 287921
Sun 2016-09-18 18:23:38 GMT  299436 287921
Mon 2016-09-19 17:02:18 GMT  299512 287997
Tue 2016-09-20 15:04:38 GMT  299512 287997
Thu 2016-09-22 14:37:55 GMT  299557 288040
Fri 2016-09-23 15:39:23 GMT  299637 288120
Sat 2016-09-24 17:40:03 GMT  299682 288165
Sun 2016-09-25 17:41:43 GMT  299757 288240
Wed 2016-09-28 15:54:12 GMT  299948 288430
Fri 2016-09-30 14:22:13 GMT  299948 288430
Sat 2016-10-01 21:19:10 GMT  300164 288646
Mon 2016-10-03 17:00:36 GMT  300164 288646
Tue 2016-10-04 15:24:54 GMT  300164 288645
Wed 2016-10-05 14:45:26 GMT  300200 288681
Thu 2016-10-06 17:27:14 GMT  300272 288753
Fri 2016-10-07 16:26:39 GMT  300351 288832
Sun 2016-10-09 17:32:20 GMT  300351 288832
Wed 2016-10-12 15:21:21 GMT  300607 289087
Thu 2016-10-13 15:26:41 GMT  300643 289123
Sat 2016-10-15 17:21:44 GMT  300724 289204
Mon 2016-10-17 15:24:21 GMT  300812 289292
Wed 2016-10-19 15:54:09 GMT  300877 289355
Thu 2016-10-20 17:20:15 GMT  301012 289490
Fri 2016-10-21 17:28:48 GMT  301106 289584
Sun 2016-10-23 18:53:56 GMT  301252 289730
Mon 2016-10-24 15:41:56 GMT  301252 289730
Mon 2016-10-31 15:39:42 GMT  301468 289946
Wed 2016-11-02 18:09:52 GMT  301541 290019
Fri 2016-11-04 15:50:26 GMT  301757 290235
Sat 2016-11-05 17:53:13 GMT  301973 290451
Mon 2016-11-07 02:52:56 GMT  301973 290451
Mon 2016-11-07 16:47:34 GMT  302046 290524
Tue 2016-11-08 16:29:08 GMT  302118 290596
Thu 2016-11-10 15:57:10 GMT  302217 290695
Fri 2016-11-11 16:22:21 GMT  302298 290776
Tue 2016-11-15 19:34:10 GMT  302298 290776
Thu 2016-11-17 21:42:43 GMT  302337 290815
Fri 2016-11-18 15:58:46 GMT  302382 290860
Sat 2016-11-19 18:44:30 GMT  302419 290897
Sun 2016-11-20 19:20:59 GMT  302455 290933
Mon 2016-11-21 18:41:47 GMT  302492 290970
Tue 2016-11-22 15:56:43 GMT  302528 291006
Wed 2016-11-23 17:22:46 GMT  302564 291042
Thu 2016-11-24 15:18:13 GMT  302612 291090
Sun 2016-11-27 19:18:57 GMT  302724 291202
Mon 2016-11-28 15:12:37 GMT  302766 291244
Tue 2016-11-29 15:59:40 GMT  302802 291280
Sat 2016-12-03 16:43:57 GMT  302956 291434
Mon 2016-12-05 16:42:54 GMT  303014 291492
Wed 2016-12-07 14:09:19 GMT  303149 291627
Thu 2016-12-08 15:08:39 GMT  303186 291664
Sat 2016-12-10 17:35:11 GMT  303315 291792
Mon 2016-12-12 20:06:28 GMT  303351 291828
Tue 2016-12-13 16:25:55 GMT  303396 291873
Wed 2016-12-14 17:15:24 GMT  303396 291873
Thu 2016-12-15 17:41:35 GMT  303432 291909
Sat 2016-12-17 15:49:31 GMT  303468 291945
Mon 2016-12-19 16:50:15 GMT  303468 291945
Wed 2016-12-21 17:30:49 GMT  303468 291943
Sat 2016-12-24 14:21:16 GMT  303468 291942
Mon 2016-12-26 18:45:45 GMT  303468 291944
Tue 2016-12-27 18:16:24 GMT  303505 291981
Wed 2016-12-28 17:36:18 GMT  303565 292041
Sat 2016-12-31 02:09:08 GMT  303679 292155
Sat 2016-12-31 16:16:08 GMT  303906 292382
Fri 2017-01-06 15:28:26 GMT  303951 292427
Sat 2017-01-07 14:52:36 GMT  304051 292514
Sun 2017-01-08 18:11:12 GMT  304132 292582
Mon 2017-01-09 16:17:09 GMT  304168 292618
Tue 2017-01-10 22:58:09 GMT  304213 292663
Thu 2017-01-12 01:48:48 GMT  304252 292702
Wed 2017-01-25 15:56:06 GMT  304346 292782
Fri 2017-01-27 17:05:20 GMT  304526 292870
Sun 2017-01-29 20:00:42 GMT  304621 292958
Mon 2017-01-30 17:07:27 GMT  304621 292958
Tue 2017-01-31 19:17:29 GMT  304803 293140
Wed 2017-02-01 14:49:30 GMT  304923 293259
Thu 2017-02-02 16:47:18 GMT  304923 293259
Fri 2017-02-03 14:42:02 GMT  305031 293365
Sat 2017-02-04 19:05:29 GMT  305076 293410
Mon 2017-02-06 16:48:47 GMT  305187 293520
Wed 2017-02-08 02:05:12 GMT  305277 293609
Wed 2017-02-08 16:29:28 GMT  305313 293645
Thu 2017-02-09 18:47:11 GMT  305403 293735
Fri 2017-02-10 19:54:01 GMT  305440 293772
Sat 2017-02-11 19:43:28 GMT  305477 293809
Sun 2017-02-12 19:19:43 GMT  305513 293845
Mon 2017-02-13 16:18:44 GMT  305585 293915
Tue 2017-02-14 17:23:27 GMT  305706 294036
Wed 2017-02-15 18:22:43 GMT  305743 294073
Thu 2017-02-16 16:30:24 GMT  305779 294107
Fri 2017-02-17 12:38:17 GMT  305839 294167
Sat 2017-02-18 19:38:34 GMT  305878 294206
Mon 2017-02-20 17:14:20 GMT  305970 294298
Tue 2017-02-21 17:58:07 GMT  306046 294374
Wed 2017-02-22 19:17:23 GMT  306121 294449
Fri 2017-02-24 17:09:58 GMT  306287 294615
Sun 2017-02-26 18:11:28 GMT  306359 294687
Tue 2017-02-28 16:47:07 GMT  306455 294739
Wed 2017-03-01 16:36:46 GMT  306491 294775
Thu 2017-03-02 16:26:25 GMT  306491 294774
Sat 2017-03-04 18:57:42 GMT  306527 294810
Mon 2017-03-06 17:09:55 GMT  306659 294942
Wed 2017-03-08 16:59:05 GMT  306659 294942
Thu 2017-03-09 19:30:54 GMT  306778 295060
Sun 2017-03-12 16:33:59 GMT  306919 295194
Mon 2017-03-13 16:29:58 GMT  306998 295266
Tue 2017-03-14 17:11:12 GMT  306998 295266
Wed 2017-03-15 15:15:19 GMT  307063 295331
Sun 2017-03-19 18:15:38 GMT  307093 295355
Tue 2017-03-21 16:23:59 GMT  307168 295430
Wed 2017-03-22 18:57:01 GMT  307204 295466
Thu 2017-03-23 15:19:57 GMT  307241 295503
Tue 2017-03-28 16:00:46 GMT  307721 295972
Wed 2017-03-29 14:25:13 GMT  307721 295972
Fri 2017-03-31 19:07:37 GMT  307811 296062
Sun 2017-04-02 18:47:27 GMT  307847 296098
Mon 2017-04-03 15:50:51 GMT  307907 296158
Tue 2017-04-04 16:16:30 GMT  307944 296195
Wed 2017-04-05 17:31:44 GMT  307989 296240
Sat 2017-04-08 20:27:34 GMT  308053 296304
Mon 2017-04-10 16:13:02 GMT  308053 296304
Wed 2017-04-12 15:39:23 GMT  308306 296557
Fri 2017-04-14 17:13:10 GMT  308381 296632
Sun 2017-04-16 19:08:51 GMT  308492 296743
Mon 2017-04-17 16:39:05 GMT  308565 296802
Tue 2017-04-18 16:36:51 GMT  308610 296847
Fri 2017-04-21 19:26:25 GMT  308774 297011
Wed 2017-04-26 01:14:21 GMT  308844 297081
Wed 2017-04-26 16:44:23 GMT  308880 297117
Fri 2017-04-28 04:35:31 GMT  308916 297153
Mon 2017-05-01 09:46:57 GMT  309189 297426
Thu 2017-05-04 18:31:31 GMT  309399 297636
Fri 2017-05-05 10:56:20 GMT  309474 297711
Sun 2017-05-07 16:25:10 GMT  309690 297927
Tue 2017-05-09 02:19:09 GMT  309752 297989
Tue 2017-05-09 15:57:32 GMT  309788 298025
Wed 2017-05-10 20:15:10 GMT  309825 298062
Thu 2017-05-11 14:44:16 GMT  309825 298062
Sat 2017-05-13 15:56:21 GMT  309869 298106
Sun 2017-05-14 22:14:59 GMT  309913 298150
Mon 2017-05-15 10:56:50 GMT  309959 298196
Tue 2017-05-16 11:02:51 GMT  309995 298229
Thu 2017-05-18 12:59:00 GMT  310160 298373
Fri 2017-05-19 13:39:09 GMT  310160 298368
Sat 2017-05-20 15:28:56 GMT  310196 298404
Sun 2017-05-21 17:16:39 GMT  310268 298476
Mon 2017-05-22 13:45:35 GMT  310304 298512
Wed 2017-05-24 13:21:06 GMT  310394 298602
Thu 2017-05-25 14:49:41 GMT  310451 298659
Sat 2017-05-27 15:23:03 GMT  310529 298737
Sun 2017-05-28 16:10:21 GMT  310589 298797
Mon 2017-05-29 14:43:52 GMT  310649 298836
Tue 2017-05-30 14:27:57 GMT  310723 298910
Wed 2017-05-31 14:23:38 GMT  310771 298958
Fri 2017-06-02 14:09:02 GMT  310951 299136
Sat 2017-06-03 16:00:24 GMT  311017 299202
Mon 2017-06-05 14:19:35 GMT  311017 299202
Tue 2017-06-06 14:14:02 GMT  311281 299465
Wed 2017-06-07 14:25:21 GMT  311345 299529
Thu 2017-06-08 14:50:40 GMT  311418 299602
Sat 2017-06-10 15:57:34 GMT  311478 299662
Sun 2017-06-11 18:54:08 GMT  311643 299825
Tue 2017-06-13 14:05:03 GMT  311843 300025
Wed 2017-06-14 14:22:59 GMT  311885 300067
Thu 2017-06-15 13:49:49 GMT  311993 300175
Fri 2017-06-16 14:54:48 GMT  312038 300220
Sat 2017-06-17 17:07:03 GMT  312110 300292
Sun 2017-06-18 12:40:20 GMT  312146 300328
Mon 2017-06-19 15:42:26 GMT  312201 300383
Wed 2017-06-21 14:51:52 GMT  312384 300566
Thu 2017-06-22 13:34:13 GMT  312384 300566
Wed 2017-06-28 14:13:42 GMT  312568 300725
Thu 2017-06-29 14:24:43 GMT  312568 300725
Mon 2017-07-03 20:04:24 GMT  312910 301067
Tue 2017-07-04 15:28:07 GMT  313003 301160
Wed 2017-07-05 14:02:49 GMT  313157 301314
Sun 2017-07-09 03:29:19 GMT  313232 301389
Mon 2017-07-10 14:26:27 GMT  313394 301551
Tue 2017-07-11 15:40:47 GMT  313439 301596
Wed 2017-07-12 14:21:24 GMT  313607 301764
Thu 2017-07-13 14:21:13 GMT  313643 301800
Wed 2017-07-19 16:27:26 GMT  313724 301881
Sun 2017-07-23 19:42:21 GMT  314006 302163
Mon 2017-07-24 20:54:40 GMT  314078 302235
Tue 2017-07-25 22:43:43 GMT  314151 302308
Wed 2017-07-26 18:08:14 GMT  314187 302344
Sat 2017-07-29 01:51:32 GMT  314306 302463
Sat 2017-07-29 19:38:02 GMT  314306 302463
Sun 2017-07-30 19:09:42 GMT  314421 302575
Tue 2017-08-01 14:14:00 GMT  314457 302611
Wed 2017-08-02 15:08:16 GMT  314547 302695
Fri 2017-08-04 15:57:13 GMT  314547 302695
Sun 2017-08-06 14:24:41 GMT  314547 302695
Mon 2017-08-07 15:18:25 GMT  314547 302695
Tue 2017-08-08 14:37:47 GMT  314547 302693
Wed 2017-08-09 14:54:45 GMT  314547 302693
Thu 2017-08-10 14:50:13 GMT  314547 302686
Fri 2017-08-11 14:40:20 GMT  314547 302685
Sun 2017-08-13 20:08:03 GMT  314677 302815
Thu 2017-08-17 14:48:23 GMT  314725 302863
Fri 2017-08-18 14:16:45 GMT  314725 302863
Sat 2017-08-19 19:15:17 GMT  314797 302935
Wed 2017-08-23 14:04:53 GMT  314797 302935
Thu 2017-08-31 13:23:45 GMT  314797 302935
Fri 2017-09-01 14:39:00 GMT  314797 302935
Sun 2017-09-03 16:51:05 GMT  315385 303513
Sat 2017-09-09 16:05:13 GMT  315421 303549
Mon 2017-09-11 16:24:40 GMT  315511 303639
Wed 2017-09-13 21:28:03 GMT  315511 303639
Fri 2017-09-15 15:18:42 GMT  315629 303748
Sat 2017-09-16 18:10:09 GMT  315666 303785
Sun 2017-09-17 16:15:41 GMT  315705 303824
Mon 2017-09-18 14:50:04 GMT  315743 303862
Wed 2017-09-20 14:54:38 GMT  315821 303940
Fri 2017-09-22 14:47:54 GMT  315898 304017
Sat 2017-09-23 19:59:11 GMT  315976 304095
Mon 2017-09-25 14:57:14 GMT  316048 304167
Tue 2017-09-26 16:21:29 GMT  316084 304203
Wed 2017-09-27 14:58:32 GMT  316120 304239
Thu 2017-09-28 14:35:12 GMT  316196 304315
Sat 2017-09-30 18:23:43 GMT  316313 304432
Sun 2017-10-01 21:36:28 GMT  316349 304468
Mon 2017-10-09 16:20:41 GMT  316709 304808
Tue 2017-10-10 16:11:52 GMT  316746 304845
Wed 2017-10-11 14:38:51 GMT  316782 304881
Thu 2017-10-12 20:41:17 GMT  316846 304945
Fri 2017-10-13 14:40:40 GMT  316909 305008
Mon 2017-10-16 13:55:05 GMT  317005 305104
Wed 2017-10-18 21:12:10 GMT  317106 305205
Fri 2017-10-20 16:16:20 GMT  317151 305250
Sat 2017-10-21 21:11:21 GMT  317187 305286
Sun 2017-10-22 18:45:24 GMT  317224 305323
Mon 2017-10-23 16:35:37 GMT  317298 305397
Tue 2017-10-24 14:46:13 GMT  317373 305472
Wed 2017-10-25 14:38:59 GMT  317373 305472
Fri 2017-10-27 16:41:25 GMT  317624 305691
Tue 2017-10-31 14:11:52 GMT  317949 305994
Wed 2017-11-01 12:26:57 GMT  317985 306030
Sat 2017-11-04 22:54:21 GMT  318095 306140
Sun 2017-11-05 17:45:57 GMT  318131 306176
Mon 2017-11-06 17:08:29 GMT  318170 306215
Tue 2017-11-07 15:52:27 GMT  318170 306215
Wed 2017-11-08 17:38:16 GMT  318338 306380
Thu 2017-11-09 17:52:59 GMT  318506 306547
Fri 2017-11-10 17:22:44 GMT  318674 306715
Sat 2017-11-11 17:43:55 GMT  318674 306715
Sun 2017-11-12 19:28:59 GMT  318800 306841
Mon 2017-11-13 15:52:48 GMT  318800 306841
Wed 2017-11-15 22:37:45 GMT  318800 306840
Fri 2017-11-17 15:52:40 GMT  318800 306840
Sun 2017-11-19 00:31:41 GMT  318872 306912
Sun 2017-11-19 22:28:39 GMT  318872 306912
Mon 2017-11-20 15:52:49 GMT  318872 306912
Tue 2017-11-21 15:53:00 GMT  318995 307034
Wed 2017-11-22 15:57:10 GMT  318995 307034
Tue 2017-11-28 15:38:13 GMT  319278 307316
Wed 2017-11-29 23:08:24 GMT  319353 307391
Fri 2017-12-01 02:44:04 GMT  319389 307427
Fri 2017-12-01 18:37:37 GMT  319425 307463
Sat 2017-12-02 19:31:56 GMT  319489 307527
Sun 2017-12-03 19:38:16 GMT  319525 307563
Mon 2017-12-04 15:49:20 GMT  319610 307648
Wed 2017-12-06 16:07:26 GMT  319655 307693
Sun 2017-12-10 20:36:28 GMT  319763 307801
Mon 2017-12-11 15:41:53 GMT  319799 307837
Wed 2017-12-13 17:31:45 GMT  319841 307876
Fri 2017-12-15 15:55:27 GMT  319922 307957
Sat 2017-12-16 19:25:22 GMT  319958 307993
Sun 2017-12-17 19:50:41 GMT  320048 308083
Mon 2017-12-18 15:53:12 GMT  320084 308119
Tue 2017-12-19 15:47:57 GMT  320120 308155
Wed 2017-12-20 21:09:24 GMT  320157 308192
Fri 2017-12-22 19:03:30 GMT  320275 308295
Sun 2017-12-24 20:02:03 GMT  320377 308397
Mon 2017-12-25 20:31:04 GMT  320459 308479
Tue 2017-12-26 21:20:16 GMT  320531 308551
Wed 2017-12-27 20:30:02 GMT  320567 308587
Thu 2017-12-28 20:25:56 GMT  320603 308623
Sat 2017-12-30 05:34:13 GMT  320699 308719
Sat 2017-12-30 22:48:57 GMT  320699 308719
Sun 2017-12-31 22:10:37 GMT  320838 308857
Mon 2018-01-01 21:44:46 GMT  320838 308857
Tue 2018-01-02 16:07:37 GMT  321007 309026
Wed 2018-01-03 16:28:55 GMT  321079 309098
Sat 2018-01-06 19:26:24 GMT  321316 309335
Mon 2018-01-08 17:12:43 GMT  321412 309429
Tue 2018-01-09 15:58:40 GMT  321420 309437
Wed 2018-01-10 15:52:18 GMT  321456 309473
Thu 2018-01-11 15:55:24 GMT  321456 309473
Fri 2018-01-12 17:16:28 GMT  321609 309596
Sun 2018-01-14 21:21:43 GMT  321702 309689
Tue 2018-01-16 20:57:03 GMT  321991 309978
Wed 2018-01-17 17:13:37 GMT  322051 310021
Fri 2018-01-19 15:47:32 GMT  322123 310093
Sat 2018-01-20 22:15:42 GMT  322123 310093
Mon 2018-01-22 17:12:33 GMT  322123 310093
Tue 2018-01-23 15:55:54 GMT  322258 310228
Thu 2018-01-25 03:27:51 GMT  322393 310363
Thu 2018-01-25 23:57:41 GMT  322441 310411
Fri 2018-01-26 16:01:36 GMT  322477 310435
Mon 2018-01-29 15:52:44 GMT  322549 310507
Tue 2018-01-30 16:03:51 GMT  322669 310627
Wed 2018-01-31 18:27:10 GMT  322836 310794
Sun 2018-02-04 01:31:26 GMT  322926 310884
Thu 2018-02-08 14:57:06 GMT  323082 311039
Sat 2018-02-10 19:40:05 GMT  323190 311147
Tue 2018-02-13 05:43:02 GMT  323325 311282
Tue 2018-02-13 15:51:55 GMT  323325 311282
Wed 2018-02-14 18:22:26 GMT  323325 311282
Sun 2018-02-18 23:17:13 GMT  323475 311432
Wed 2018-02-21 16:06:17 GMT  323475 311432
Thu 2018-02-22 15:45:13 GMT  323475 311432
Sun 2018-02-25 19:30:40 GMT  323608 311555
Tue 2018-02-27 16:20:08 GMT  323703 311650
Wed 2018-02-28 17:08:11 GMT  323739 311686
Thu 2018-03-01 15:53:42 GMT  323775 311722
Fri 2018-03-02 16:00:44 GMT  323775 311722
Mon 2018-03-05 02:16:53 GMT  323836 311783
Sat 2018-03-10 18:17:25 GMT  323863 311810
Mon 2018-03-12 16:55:13 GMT  323983 311914
Tue 2018-03-13 14:43:06 GMT  324043 311965
Wed 2018-03-14 20:04:54 GMT  324106 312002
Thu 2018-03-15 14:28:24 GMT  324106 312002
Wed 2018-03-21 01:50:52 GMT  324346 312227
Wed 2018-03-21 16:31:43 GMT  324346 312227
Thu 2018-03-22 18:55:58 GMT  324382 312263
Mon 2018-03-26 12:47:09 GMT  324382 312263
Tue 2018-03-27 16:37:14 GMT  324382 312263
Wed 2018-03-28 17:01:27 GMT  324418 312299
Thu 2018-03-29 15:03:00 GMT  324418 312299
Fri 2018-03-30 16:01:57 GMT  324418 312299
Wed 2018-04-18 18:44:12 GMT  324418 312299
Sun 2018-04-22 19:20:06 GMT  324553 312434
Mon 2018-04-23 14:50:44 GMT  324643 312524
Tue 2018-04-24 15:25:47 GMT  324643 312524
Wed 2018-04-25 16:30:54 GMT  324824 312705
Thu 2018-04-26 14:44:19 GMT  324996 312877
Fri 2018-04-27 15:05:47 GMT  325117 312998
Sun 2018-04-29 18:37:16 GMT  325270 313150
Mon 2018-04-30 14:40:02 GMT  325360 313240
Tue 2018-05-01 14:41:59 GMT  325506 313386
Fri 2018-05-04 14:56:30 GMT  325722 313602
Sun 2018-05-06 18:23:31 GMT  325922 313802
Mon 2018-05-07 17:11:37 GMT  326036 313916
Wed 2018-05-09 18:36:26 GMT  326106 313986
Sat 2018-05-12 15:27:31 GMT  326187 314067
Sun 2018-05-13 16:11:12 GMT  326223 314103
Mon 2018-05-14 14:48:01 GMT  326223 314103
Wed 2018-05-16 14:50:01 GMT  326223 314103
Mon 2018-05-21 15:04:17 GMT  326271 314151
Tue 2018-05-22 14:46:59 GMT  326307 314187
Wed 2018-05-23 17:30:23 GMT  326416 314296
Sat 2018-05-26 21:20:44 GMT  326416 314296
Tue 2018-05-29 14:46:30 GMT  326584 314464
Wed 2018-05-30 17:13:37 GMT  326675 314555
Thu 2018-05-31 14:55:26 GMT  326711 314591
Fri 2018-06-01 16:24:03 GMT  326711 314591
Sat 2018-06-02 19:39:45 GMT  326783 314663
Sun 2018-06-03 13:27:47 GMT  326855 314735
Tue 2018-06-05 13:49:07 GMT  326987 314867
Wed 2018-06-06 13:38:15 GMT  326987 314867
Thu 2018-06-07 13:33:15 GMT  326987 314867
Fri 2018-06-08 14:25:25 GMT  327071 314950
Sun 2018-06-10 18:34:18 GMT  327071 314951
Mon 2018-06-11 14:51:35 GMT  327153 315033
Thu 2018-06-14 14:59:41 GMT  327261 315141
Sat 2018-06-16 03:23:55 GMT  327261 315141
Mon 2018-06-18 14:49:52 GMT  327301 315181
Tue 2018-06-19 14:51:19 GMT  327375 315255
Wed 2018-06-20 14:49:45 GMT  327487 315367
Thu 2018-06-21 15:00:59 GMT  327487 315367
Mon 2018-06-25 20:17:46 GMT  327703 315583
Fri 2018-06-29 15:07:02 GMT  327703 315583
Sat 2018-06-30 19:35:52 GMT  327739 315619
Tue 2018-07-03 16:29:20 GMT  327817 315695
Fri 2018-07-06 19:36:04 GMT  327896 315774
Sat 2018-07-07 19:58:13 GMT  327896 315774
Mon 2018-07-09 17:24:50 GMT  327969 315847
Tue 2018-07-10 14:50:12 GMT  327969 315847
Wed 2018-07-11 17:40:02 GMT  327999 315877
Thu 2018-07-12 16:49:10 GMT  328054 315932
Fri 2018-07-13 15:04:23 GMT  328172 316050
Sun 2018-07-15 16:01:29 GMT  328208 316086
Mon 2018-07-16 14:59:21 GMT  328283 316161
Tue 2018-07-17 15:01:23 GMT  328283 316161
Sat 2018-07-21 13:07:53 GMT  328508 316386
Sun 2018-07-22 12:32:32 GMT  328652 316530
Tue 2018-07-24 11:45:54 GMT  328817 316694
Wed 2018-07-25 17:18:30 GMT  328817 316694
Thu 2018-07-26 16:06:47 GMT  328952 316828
Thu 2018-07-26 23:31:10 GMT  328952 316828
Sat 2018-07-28 17:07:13 GMT  328952 316828
Tue 2018-07-31 16:32:04 GMT  329037 316913
Wed 2018-08-01 23:45:17 GMT  329224 317100
Thu 2018-08-02 14:54:29 GMT  329239 317115
Sat 2018-08-04 19:30:45 GMT  329329 317205
Sun 2018-08-05 16:39:41 GMT  329437 317313
Mon 2018-08-06 14:44:20 GMT  329497 317373
Tue 2018-08-07 14:42:54 GMT  329497 317373
Wed 2018-08-08 16:16:59 GMT  329585 317461
Thu 2018-08-09 16:58:03 GMT  329627 317503
Fri 2018-08-10 14:40:34 GMT  329717 317593
Sat 2018-08-11 15:46:11 GMT  329792 317668
Sun 2018-08-12 16:00:24 GMT  329873 317749
Mon 2018-08-13 14:46:08 GMT  329948 317824
Tue 2018-08-14 14:46:08 GMT  329986 317862
Wed 2018-08-15 16:11:07 GMT  330099 317975
Fri 2018-08-17 14:49:23 GMT  330171 318047
Sun 2018-08-19 17:56:28 GMT  330208 318067
Mon 2018-08-20 14:53:04 GMT  330245 318104
Tue 2018-08-21 14:46:18 GMT  330282 318141
Wed 2018-08-22 16:46:01 GMT  330319 318178
Thu 2018-08-23 18:00:35 GMT  330392 318250
Fri 2018-08-24 14:48:54 GMT  330392 318250
Sat 2018-08-25 19:19:51 GMT  330428 318286
Sun 2018-08-26 20:23:14 GMT  330539 318397
Mon 2018-08-27 19:53:46 GMT  330612 318470
Tue 2018-08-28 14:29:31 GMT  330612 318470
Wed 2018-08-29 11:44:44 GMT  330806 318664
Thu 2018-08-30 12:53:54 GMT  330842 318700
Fri 2018-08-31 12:31:15 GMT  330878 318736
Mon 2018-09-03 19:12:13 GMT  330881 318741
Mon 2018-09-10 14:42:27 GMT  330964 318824
Tue 2018-09-11 14:46:22 GMT  330964 318824
Thu 2018-09-13 15:55:38 GMT  331054 318914
Sat 2018-09-15 20:17:20 GMT  331126 318986
Sun 2018-09-16 17:20:52 GMT  331126 318986
Tue 2018-09-18 18:33:02 GMT  331171 319031
Mon 2018-09-24 16:31:27 GMT  331171 319031
Sat 2018-09-29 07:55:54 GMT  331355 319215
Tue 2018-10-02 22:16:44 GMT  331355 319215
Wed 2018-10-03 20:45:34 GMT  331355 319215
Tue 2018-10-09 17:23:03 GMT  331451 319311
Thu 2018-10-11 15:58:08 GMT  331451 319311
Tue 2018-10-16 16:59:54 GMT  331451 319311
Wed 2018-10-24 17:32:26 GMT  331451 319311
Thu 2018-10-25 16:27:24 GMT  332099 319959
Fri 2018-10-26 16:19:44 GMT  332099 319959
Sat 2018-10-27 20:23:23 GMT  332099 319959
Wed 2018-10-31 14:50:46 GMT  332316 320176
Thu 2018-11-01 14:55:58 GMT  332412 320272
Fri 2018-11-02 14:46:50 GMT  332502 320363
Sun 2018-11-04 21:57:44 GMT  332538 320399
Mon 2018-11-05 15:48:22 GMT  332621 320482
Thu 2018-11-08 15:58:24 GMT  332731 320591
Sun 2018-11-11 20:30:49 GMT  332771 320631
Mon 2018-11-12 15:51:35 GMT  332916 320776
Tue 2018-11-13 15:50:52 GMT  332916 320776
Sat 2018-11-17 20:25:48 GMT  332916 320776
Sun 2018-11-18 22:06:29 GMT  333024 320826
Mon 2018-11-19 16:56:50 GMT  333096 320898
Wed 2018-11-21 15:54:42 GMT  333213 321015
Thu 2018-11-22 18:38:08 GMT  333213 321015
Fri 2018-11-23 19:03:08 GMT  333249 321051
Sun 2018-11-25 19:54:32 GMT  333294 321096
Mon 2018-11-26 15:50:12 GMT  333342 321144
Tue 2018-11-27 18:37:02 GMT  333342 321144
Wed 2018-11-28 19:17:40 GMT  333387 321189
Thu 2018-11-29 18:33:58 GMT  333387 321189
Mon 2018-12-03 15:56:47 GMT  333535 321334
Tue 2018-12-04 21:30:32 GMT  333607 321406
Wed 2018-12-05 15:49:05 GMT  333637 321436
Fri 2018-12-07 15:40:44 GMT  333673 321472
Sun 2018-12-09 21:41:21 GMT  333821 321619
Tue 2018-12-11 15:51:46 GMT  333857 321655
Wed 2018-12-12 15:47:49 GMT  333894 321692
Thu 2018-12-13 16:44:56 GMT  333930 321728
Fri 2018-12-14 15:45:16 GMT  333975 321773
Sat 2018-12-15 22:27:41 GMT  334020 321818
Sun 2018-12-16 21:06:33 GMT  334102 321900
Tue 2018-12-18 15:46:49 GMT  334139 321937
Thu 2018-12-20 20:52:21 GMT  334139 321937
Fri 2018-12-21 15:41:09 GMT  334139 321937
Sun 2018-12-23 22:39:49 GMT  334346 322144
Tue 2018-12-25 21:40:55 GMT  334451 322249
Wed 2018-12-26 21:09:40 GMT  334487 322285
Thu 2018-12-27 20:21:40 GMT  334523 322321
Fri 2018-12-28 20:27:19 GMT  334559 322357
Mon 2018-12-31 01:41:37 GMT  334679 322431
Mon 2018-12-31 19:53:58 GMT  334740 322491
Thu 2019-01-03 18:53:37 GMT  334851 322602
Fri 2019-01-04 15:41:43 GMT  334887 322638
Mon 2019-01-07 15:42:44 GMT  334924 322675
Tue 2019-01-08 15:47:26 GMT  335080 322831
Wed 2019-01-09 18:13:37 GMT  335116 322867
Thu 2019-01-10 15:47:05 GMT  335152 322903
Fri 2019-01-11 15:59:56 GMT  335191 322942
Sun 2019-01-20 20:17:38 GMT  335191 322942
Mon 2019-01-21 20:10:11 GMT  335264 323015
Wed 2019-01-23 15:48:58 GMT  335300 323051
Sun 2019-01-27 23:58:21 GMT  335336 323087
Mon 2019-01-28 15:44:09 GMT  335374 323125
Tue 2019-01-29 18:04:03 GMT  335374 323125
Thu 2019-01-31 17:32:00 GMT  335410 323161
Fri 2019-02-01 15:47:45 GMT  335410 323161
Sun 2019-02-03 20:56:33 GMT  335410 323161
Mon 2019-02-04 18:23:31 GMT  335566 323317
Tue 2019-02-05 17:18:06 GMT  335602 323354
Tue 2019-02-12 16:02:57 GMT  335602 323354
Sun 2019-02-17 21:53:30 GMT  335674 323426
Tue 2019-02-19 17:19:24 GMT  335746 323498
Wed 2019-02-20 19:01:36 GMT  335794 323546
Thu 2019-02-21 17:07:31 GMT  335830 323582
Fri 2019-02-22 15:48:27 GMT  335902 323654
Sat 2019-02-23 18:48:54 GMT  335938 323690
Sun 2019-02-24 17:55:31 GMT  335938 323690
Tue 2019-02-26 00:44:22 GMT  336034 323786
